  [4;36;1mSQL (0.3ms)[0m   [0;1mSET NAMES 'utf8'[0m
  [4;35;1mSQL (0.2ms)[0m   [0mSET SQL_AUTO_IS_NULL=0[0m
  [4;36;1mSQL (0.5ms)[0m   [0;1mSHOW TABLES[0m
  [4;35;1mSQL (108.6ms)[0m   [0mCREATE TABLE `schema_migrations` (`version` varchar(255) NOT NULL) ENGINE=InnoDB[0m
  [4;36;1mSQL (0.5ms)[0m   [0;1mSHOW KEYS FROM `schema_migrations`[0m
  [4;35;1mSQL (232.7ms)[0m   [0mCREATE UNIQUE INDEX `unique_schema_migrations` ON `schema_migrations` (`version`)[0m
  [4;36;1mSQL (0.3ms)[0m   [0;1mSHOW TABLES[0m
  [4;35;1mSQL (0.3ms)[0m   [0mSELECT version FROM schema_migrations[0m
Migrating to CreatePosts (20131230054030)
  [4;36;1mSQL (117.9ms)[0m   [0;1mCREATE TABLE `posts` (`id` int(11) DEFAULT NULL auto_increment PRIMARY KEY, `name` varchar(255), `title` varchar(255), `body` text, `created_at` datetime, `updated_at` datetime) ENGINE=InnoDB[0m
  [4;35;1mSQL (43.9ms)[0m   [0mINSERT INTO schema_migrations (version) VALUES ('20131230054030')[0m
Migrating to CreateComments (20131230054326)
  [4;36;1mSQL (142.1ms)[0m   [0;1mCREATE TABLE `comments` (`id` int(11) DEFAULT NULL auto_increment PRIMARY KEY, `name` varchar(255), `body` text, `created_at` datetime, `updated_at` datetime) ENGINE=InnoDB[0m
  [4;35;1mSQL (55.0ms)[0m   [0mINSERT INTO schema_migrations (version) VALUES ('20131230054326')[0m
  [4;36;1mSQL (0.5ms)[0m   [0;1mSHOW TABLES[0m
  [4;35;1mSQL (0.4ms)[0m   [0mSELECT version FROM schema_migrations[0m
  [4;36;1mSQL (0.4ms)[0m   [0;1mSHOW TABLES[0m
  [4;35;1mSQL (1.2ms)[0m   [0mSHOW FIELDS FROM `comments`[0m
  [4;36;1mSQL (0.5ms)[0m   [0;1mdescribe `comments`[0m
  [4;35;1mSQL (0.4ms)[0m   [0mSHOW KEYS FROM `comments`[0m
  [4;36;1mSQL (1.1ms)[0m   [0;1mSHOW FIELDS FROM `posts`[0m
  [4;35;1mSQL (0.5ms)[0m   [0mdescribe `posts`[0m
  [4;36;1mSQL (0.3ms)[0m   [0;1mSHOW KEYS FROM `posts`[0m
  [4;36;1mSQL (0.1ms)[0m   [0;1mSET NAMES 'utf8'[0m
  [4;35;1mSQL (0.1ms)[0m   [0mSET SQL_AUTO_IS_NULL=0[0m


Processing PostsController#index (for 127.0.0.1 at 2013-12-30 11:24:16) [GET]
  [4;36;1mPost Load (0.3ms)[0m   [0;1mSELECT * FROM `posts` [0m
Rendering template within layouts/posts
Rendering posts/index
Completed in 200ms (View: 11, DB: 1) | 200 OK [http://localhost/posts]
  [4;36;1mSQL (0.1ms)[0m   [0;1mSET NAMES 'utf8'[0m
  [4;35;1mSQL (0.1ms)[0m   [0mSET SQL_AUTO_IS_NULL=0[0m


Processing PostsController#index (for 127.0.0.1 at 2013-12-30 11:25:53) [GET]
  [4;36;1mPost Load (0.3ms)[0m   [0;1mSELECT * FROM `posts` [0m
Rendering template within layouts/posts
Rendering posts/index
Completed in 19ms (View: 11, DB: 0) | 200 OK [http://localhost/posts]
  [4;35;1mSQL (0.1ms)[0m   [0mSET NAMES 'utf8'[0m
  [4;36;1mSQL (0.1ms)[0m   [0;1mSET SQL_AUTO_IS_NULL=0[0m


Processing PostsController#new (for 127.0.0.1 at 2013-12-30 11:25:55) [GET]
  [4;35;1mPost Columns (0.7ms)[0m   [0mSHOW FIELDS FROM `posts`[0m
Rendering template within layouts/posts
Rendering posts/new
Completed in 51ms (View: 12, DB: 1) | 200 OK [http://localhost/posts/new]
  [4;36;1mSQL (0.1ms)[0m   [0;1mSET NAMES 'utf8'[0m
  [4;35;1mSQL (0.1ms)[0m   [0mSET SQL_AUTO_IS_NULL=0[0m


Processing PostsController#create (for 127.0.0.1 at 2013-12-30 11:26:40) [POST]
  Parameters: {"authenticity_token"=>"djB3Ce62QWvF1EnlzH/jXrlt9wpRy721n32B+BguaKs=", "post"=>{"body"=>"India (Listeni/ˈɪndiə/), officially the Republic of India (Bharat Ganrajya),[c] is a country in South Asia. It is the seventh-largest country by area, the second-most populous country with over 1.2 billion people, and the most populous democracy in the world. Bounded by the Indian Ocean on the south, the Arabian Sea on the south-west, and the Bay of Bengal on the south-east, it shares land borders with Pakistan to the west;[d] China, Nepal, and Bhutan to the north-east; and Burma and Bangladesh to the east. In the Indian Ocean, India is in the vicinity of Sri Lanka and the Maldives; in addition, India's Andaman and Nicobar Islands share a maritime border with Thailand and Indonesia.", "name"=>"Vinoth", "title"=>"India"}, "commit"=>"Create"}
  [4;36;1mPost Columns (0.6ms)[0m   [0;1mSHOW FIELDS FROM `posts`[0m
  [4;35;1mSQL (0.1ms)[0m   [0mBEGIN[0m
  [4;36;1mPost Create (0.3ms)[0m   [0;1mINSERT INTO `posts` (`name`, `body`, `updated_at`, `title`, `created_at`) VALUES('Vinoth', 'India (Listeni/ˈɪndiə/), officially the Republic of India (Bharat Ganrajya),[c] is a country in South Asia. It is the seventh-largest country by area, the second-most populous country with over 1.2 billion people, and the most populous democracy in the world. Bounded by the Indian Ocean on the south, the Arabian Sea on the south-west, and the Bay of Bengal on the south-east, it shares land borders with Pakistan to the west;[d] China, Nepal, and Bhutan to the north-east; and Burma and Bangladesh to the east. In the Indian Ocean, India is in the vicinity of Sri Lanka and the Maldives; in addition, India\'s Andaman and Nicobar Islands share a maritime border with Thailand and Indonesia.', '2013-12-30 05:56:40', 'India', '2013-12-30 05:56:40')[0m
  [4;35;1mSQL (82.2ms)[0m   [0mCOMMIT[0m
Redirected to http://localhost:3000/posts/1
Completed in 91ms (DB: 83) | 302 Found [http://localhost/posts]
  [4;36;1mSQL (0.1ms)[0m   [0;1mSET NAMES 'utf8'[0m
  [4;35;1mSQL (0.0ms)[0m   [0mSET SQL_AUTO_IS_NULL=0[0m


Processing PostsController#show (for 127.0.0.1 at 2013-12-30 11:26:40) [GET]
  Parameters: {"id"=>"1"}
  [4;36;1mPost Columns (0.6ms)[0m   [0;1mSHOW FIELDS FROM `posts`[0m
  [4;35;1mPost Load (0.2ms)[0m   [0mSELECT * FROM `posts` WHERE (`posts`.`id` = 1) [0m
Rendering template within layouts/posts
Rendering posts/show
Completed in 10ms (View: 4, DB: 1) | 200 OK [http://localhost/posts/1]
  [4;36;1mSQL (0.1ms)[0m   [0;1mSET NAMES 'utf8'[0m
  [4;35;1mSQL (0.1ms)[0m   [0mSET SQL_AUTO_IS_NULL=0[0m


Processing PostsController#index (for 127.0.0.1 at 2013-12-30 11:26:44) [GET]
  [4;36;1mPost Load (0.3ms)[0m   [0;1mSELECT * FROM `posts` [0m
Rendering template within layouts/posts
Rendering posts/index
  [4;35;1mPost Columns (0.5ms)[0m   [0mSHOW FIELDS FROM `posts`[0m
Completed in 8ms (View: 4, DB: 1) | 200 OK [http://localhost/posts]
  [4;36;1mSQL (0.1ms)[0m   [0;1mSET NAMES 'utf8'[0m
  [4;35;1mSQL (0.1ms)[0m   [0mSET SQL_AUTO_IS_NULL=0[0m


Processing PostsController#show (for 127.0.0.1 at 2013-12-30 11:27:17) [GET]
  Parameters: {"id"=>"1"}
  [4;36;1mPost Columns (0.6ms)[0m   [0;1mSHOW FIELDS FROM `posts`[0m
  [4;35;1mPost Load (0.1ms)[0m   [0mSELECT * FROM `posts` WHERE (`posts`.`id` = 1) [0m
Rendering template within layouts/posts
Rendering posts/show
Completed in 7ms (View: 2, DB: 1) | 200 OK [http://localhost/posts/1]
  [4;36;1mSQL (0.2ms)[0m   [0;1mSET NAMES 'utf8'[0m
  [4;35;1mSQL (0.2ms)[0m   [0mSET SQL_AUTO_IS_NULL=0[0m


Processing PostsController#index (for 127.0.0.1 at 2013-12-30 11:38:56) [GET]
  [4;36;1mPost Load (0.2ms)[0m   [0;1mSELECT * FROM `posts` [0m
Rendering template within layouts/posts
Rendering posts/index
  [4;35;1mPost Columns (0.7ms)[0m   [0mSHOW FIELDS FROM `posts`[0m
Completed in 22ms (View: 13, DB: 1) | 200 OK [http://localhost/posts]
  [4;36;1mSQL (0.1ms)[0m   [0;1mSET NAMES 'utf8'[0m
  [4;35;1mSQL (0.1ms)[0m   [0mSET SQL_AUTO_IS_NULL=0[0m


Processing PostsController#show (for 127.0.0.1 at 2013-12-30 11:38:59) [GET]
  Parameters: {"id"=>"1"}
  [4;36;1mPost Columns (1.3ms)[0m   [0;1mSHOW FIELDS FROM `posts`[0m
  [4;35;1mPost Load (0.2ms)[0m   [0mSELECT * FROM `posts` WHERE (`posts`.`id` = 1) [0m
Rendering template within layouts/posts
Rendering posts/show
  [4;36;1mComment Load (0.0ms)[0m   [0;1mMysql::Error: Unknown column 'comments.post_id' in 'where clause': SELECT * FROM `comments` WHERE (`comments`.post_id = 1) [0m

ActionView::TemplateError (Mysql::Error: Unknown column 'comments.post_id' in 'where clause': SELECT * FROM `comments` WHERE (`comments`.post_id = 1) ) on line #16 of app/views/posts/show.html.erb:
13:   <%=h @post.body %>
14: </p>
15: <h2>Comments<h2>
16: <% @post.comments.each do |c| %>
17: <p>
18: 	<b><%=h c.name %>said:</b><br />
19: 	<%= time_ago_in_words(c.created_at) %> ago

    app/views/posts/show.html.erb:16
    app/controllers/posts_controller.rb:18:in `show'
    /usr/lib/ruby/1.8/webrick/httpserver.rb:104:in `service'
    /usr/lib/ruby/1.8/webrick/httpserver.rb:65:in `run'
    /usr/lib/ruby/1.8/webrick/server.rb:173:in `start_thread'
    /usr/lib/ruby/1.8/webrick/server.rb:162:in `start'
    /usr/lib/ruby/1.8/webrick/server.rb:162:in `start_thread'
    /usr/lib/ruby/1.8/webrick/server.rb:95:in `start'
    /usr/lib/ruby/1.8/webrick/server.rb:92:in `each'
    /usr/lib/ruby/1.8/webrick/server.rb:92:in `start'
    /usr/lib/ruby/1.8/webrick/server.rb:23:in `start'
    /usr/lib/ruby/1.8/webrick/server.rb:82:in `start'

Rendered rescues/_trace (35.4ms)
Rendered rescues/_request_and_response (1.0ms)
Rendering rescues/layout (internal_server_error)
  [4;35;1mSQL (0.2ms)[0m   [0mSET NAMES 'utf8'[0m
  [4;36;1mSQL (0.2ms)[0m   [0;1mSET SQL_AUTO_IS_NULL=0[0m


Processing PostsController#edit (for 127.0.0.1 at 2013-12-30 11:39:04) [GET]
  Parameters: {"id"=>"1"}
  [4;35;1mPost Columns (0.6ms)[0m   [0mSHOW FIELDS FROM `posts`[0m
  [4;36;1mPost Load (0.1ms)[0m   [0;1mSELECT * FROM `posts` WHERE (`posts`.`id` = 1) [0m
Rendering template within layouts/posts
Rendering posts/edit
Completed in 14ms (View: 9, DB: 1) | 200 OK [http://localhost/posts/1/edit]
  [4;35;1mSQL (0.1ms)[0m   [0mSET NAMES 'utf8'[0m
  [4;36;1mSQL (0.3ms)[0m   [0;1mSET SQL_AUTO_IS_NULL=0[0m


Processing PostsController#show (for 127.0.0.1 at 2013-12-30 11:39:12) [GET]
  Parameters: {"id"=>"1"}
  [4;35;1mPost Columns (1.3ms)[0m   [0mSHOW FIELDS FROM `posts`[0m
  [4;36;1mPost Load (0.1ms)[0m   [0;1mSELECT * FROM `posts` WHERE (`posts`.`id` = 1) [0m
Rendering template within layouts/posts
Rendering posts/show
  [4;35;1mComment Load (0.0ms)[0m   [0mMysql::Error: Unknown column 'comments.post_id' in 'where clause': SELECT * FROM `comments` WHERE (`comments`.post_id = 1) [0m

ActionView::TemplateError (Mysql::Error: Unknown column 'comments.post_id' in 'where clause': SELECT * FROM `comments` WHERE (`comments`.post_id = 1) ) on line #16 of app/views/posts/show.html.erb:
13:   <%=h @post.body %>
14: </p>
15: <h2>Comments<h2>
16: <% @post.comments.each do |c| %>
17: <p>
18: 	<b><%=h c.name %>said:</b><br />
19: 	<%= time_ago_in_words(c.created_at) %> ago

    app/views/posts/show.html.erb:16
    app/controllers/posts_controller.rb:18:in `show'
    /usr/lib/ruby/1.8/webrick/httpserver.rb:104:in `service'
    /usr/lib/ruby/1.8/webrick/httpserver.rb:65:in `run'
    /usr/lib/ruby/1.8/webrick/server.rb:173:in `start_thread'
    /usr/lib/ruby/1.8/webrick/server.rb:162:in `start'
    /usr/lib/ruby/1.8/webrick/server.rb:162:in `start_thread'
    /usr/lib/ruby/1.8/webrick/server.rb:95:in `start'
    /usr/lib/ruby/1.8/webrick/server.rb:92:in `each'
    /usr/lib/ruby/1.8/webrick/server.rb:92:in `start'
    /usr/lib/ruby/1.8/webrick/server.rb:23:in `start'
    /usr/lib/ruby/1.8/webrick/server.rb:82:in `start'

Rendered rescues/_trace (32.7ms)
Rendered rescues/_request_and_response (0.2ms)
Rendering rescues/layout (internal_server_error)
  [4;36;1mSQL (0.1ms)[0m   [0;1mSET NAMES 'utf8'[0m
  [4;35;1mSQL (0.1ms)[0m   [0mSET SQL_AUTO_IS_NULL=0[0m


Processing PostsController#index (for 127.0.0.1 at 2013-12-30 11:46:33) [GET]
  [4;36;1mPost Load (0.2ms)[0m   [0;1mSELECT * FROM `posts` [0m
Rendering template within layouts/posts
Rendering posts/index
  [4;35;1mPost Columns (1.3ms)[0m   [0mSHOW FIELDS FROM `posts`[0m
Completed in 22ms (View: 12, DB: 2) | 200 OK [http://localhost/posts]
  [4;36;1mSQL (0.1ms)[0m   [0;1mSET NAMES 'utf8'[0m
  [4;35;1mSQL (0.1ms)[0m   [0mSET SQL_AUTO_IS_NULL=0[0m


Processing PostsController#new (for 127.0.0.1 at 2013-12-30 11:46:36) [GET]
  [4;36;1mPost Columns (1.4ms)[0m   [0;1mSHOW FIELDS FROM `posts`[0m
Rendering template within layouts/posts
Rendering posts/new
Completed in 14ms (View: 9, DB: 1) | 200 OK [http://localhost/posts/new]
  [4;35;1mSQL (0.1ms)[0m   [0mSET NAMES 'utf8'[0m
  [4;36;1mSQL (0.1ms)[0m   [0;1mSET SQL_AUTO_IS_NULL=0[0m


Processing PostsController#show (for 127.0.0.1 at 2013-12-30 11:46:39) [GET]
  Parameters: {"id"=>"1"}
  [4;35;1mPost Columns (0.6ms)[0m   [0mSHOW FIELDS FROM `posts`[0m
  [4;36;1mPost Load (0.1ms)[0m   [0;1mSELECT * FROM `posts` WHERE (`posts`.`id` = 1) [0m
Rendering template within layouts/posts
Rendering posts/show
  [4;35;1mComment Load (0.0ms)[0m   [0mMysql::Error: Unknown column 'comments.post_id' in 'where clause': SELECT * FROM `comments` WHERE (`comments`.post_id = 1) [0m

ActionView::TemplateError (Mysql::Error: Unknown column 'comments.post_id' in 'where clause': SELECT * FROM `comments` WHERE (`comments`.post_id = 1) ) on line #16 of app/views/posts/show.html.erb:
13:   <%=h @post.body %>
14: </p>
15: <h2>Comments<h2>
16: <% @post.comments.each do |c| %>
17: <p>
18: 	<b><%=h c.name %>said:</b><br />
19: 	<%= time_ago_in_words(c.created_at) %> ago

    app/views/posts/show.html.erb:16
    app/controllers/posts_controller.rb:18:in `show'
    /usr/lib/ruby/1.8/webrick/httpserver.rb:104:in `service'
    /usr/lib/ruby/1.8/webrick/httpserver.rb:65:in `run'
    /usr/lib/ruby/1.8/webrick/server.rb:173:in `start_thread'
    /usr/lib/ruby/1.8/webrick/server.rb:162:in `start'
    /usr/lib/ruby/1.8/webrick/server.rb:162:in `start_thread'
    /usr/lib/ruby/1.8/webrick/server.rb:95:in `start'
    /usr/lib/ruby/1.8/webrick/server.rb:92:in `each'
    /usr/lib/ruby/1.8/webrick/server.rb:92:in `start'
    /usr/lib/ruby/1.8/webrick/server.rb:23:in `start'
    /usr/lib/ruby/1.8/webrick/server.rb:82:in `start'

Rendered rescues/_trace (36.2ms)
Rendered rescues/_request_and_response (1.0ms)
Rendering rescues/layout (internal_server_error)
  [4;36;1mSQL (0.1ms)[0m   [0;1mSET NAMES 'utf8'[0m
  [4;35;1mSQL (0.1ms)[0m   [0mSET SQL_AUTO_IS_NULL=0[0m


Processing PostsController#edit (for 127.0.0.1 at 2013-12-30 11:46:54) [GET]
  Parameters: {"id"=>"1"}
  [4;36;1mPost Columns (1.4ms)[0m   [0;1mSHOW FIELDS FROM `posts`[0m
  [4;35;1mPost Load (0.3ms)[0m   [0mSELECT * FROM `posts` WHERE (`posts`.`id` = 1) [0m
Rendering template within layouts/posts
Rendering posts/edit
Completed in 15ms (View: 10, DB: 2) | 200 OK [http://localhost/posts/1/edit]
  [4;36;1mSQL (0.1ms)[0m   [0;1mSET NAMES 'utf8'[0m
  [4;35;1mSQL (0.1ms)[0m   [0mSET SQL_AUTO_IS_NULL=0[0m


Processing PostsController#update (for 127.0.0.1 at 2013-12-30 11:46:56) [PUT]
  Parameters: {"id"=>"1", "post"=>{"body"=>"India (Listeni/ˈɪndiə/), officially the Republic of India (Bharat Ganrajya),[c] is a country in South Asia. It is the seventh-largest country by area, the second-most populous country with over 1.2 billion people, and the most populous democracy in the world. Bounded by the Indian Ocean on the south, the Arabian Sea on the south-west, and the Bay of Bengal on the south-east, it shares land borders with Pakistan to the west;[d] China, Nepal, and Bhutan to the north-east; and Burma and Bangladesh to the east. In the Indian Ocean, India is in the vicinity of Sri Lanka and the Maldives; in addition, India's Andaman and Nicobar Islands share a maritime border with Thailand and Indonesia.", "title"=>"India", "name"=>"Vinoth"}, "commit"=>"Update", "authenticity_token"=>"djB3Ce62QWvF1EnlzH/jXrlt9wpRy721n32B+BguaKs="}
  [4;36;1mPost Columns (0.6ms)[0m   [0;1mSHOW FIELDS FROM `posts`[0m
  [4;35;1mPost Load (0.2ms)[0m   [0mSELECT * FROM `posts` WHERE (`posts`.`id` = 1) [0m
  [4;36;1mSQL (0.1ms)[0m   [0;1mBEGIN[0m
  [4;35;1mSQL (0.2ms)[0m   [0mCOMMIT[0m
Redirected to http://localhost:3000/posts/1
Completed in 7ms (DB: 1) | 302 Found [http://localhost/posts/1]
  [4;36;1mSQL (0.1ms)[0m   [0;1mSET NAMES 'utf8'[0m
  [4;35;1mSQL (0.1ms)[0m   [0mSET SQL_AUTO_IS_NULL=0[0m


Processing PostsController#show (for 127.0.0.1 at 2013-12-30 11:46:56) [GET]
  Parameters: {"id"=>"1"}
  [4;36;1mPost Columns (1.3ms)[0m   [0;1mSHOW FIELDS FROM `posts`[0m
  [4;35;1mPost Load (0.1ms)[0m   [0mSELECT * FROM `posts` WHERE (`posts`.`id` = 1) [0m
Rendering template within layouts/posts
Rendering posts/show
  [4;36;1mComment Load (0.0ms)[0m   [0;1mMysql::Error: Unknown column 'comments.post_id' in 'where clause': SELECT * FROM `comments` WHERE (`comments`.post_id = 1) [0m

ActionView::TemplateError (Mysql::Error: Unknown column 'comments.post_id' in 'where clause': SELECT * FROM `comments` WHERE (`comments`.post_id = 1) ) on line #16 of app/views/posts/show.html.erb:
13:   <%=h @post.body %>
14: </p>
15: <h2>Comments<h2>
16: <% @post.comments.each do |c| %>
17: <p>
18: 	<b><%=h c.name %>said:</b><br />
19: 	<%= time_ago_in_words(c.created_at) %> ago

    app/views/posts/show.html.erb:16
    app/controllers/posts_controller.rb:18:in `show'
    /usr/lib/ruby/1.8/webrick/httpserver.rb:104:in `service'
    /usr/lib/ruby/1.8/webrick/httpserver.rb:65:in `run'
    /usr/lib/ruby/1.8/webrick/server.rb:173:in `start_thread'
    /usr/lib/ruby/1.8/webrick/server.rb:162:in `start'
    /usr/lib/ruby/1.8/webrick/server.rb:162:in `start_thread'
    /usr/lib/ruby/1.8/webrick/server.rb:95:in `start'
    /usr/lib/ruby/1.8/webrick/server.rb:92:in `each'
    /usr/lib/ruby/1.8/webrick/server.rb:92:in `start'
    /usr/lib/ruby/1.8/webrick/server.rb:23:in `start'
    /usr/lib/ruby/1.8/webrick/server.rb:82:in `start'

Rendered rescues/_trace (69.4ms)
Rendered rescues/_request_and_response (0.3ms)
Rendering rescues/layout (internal_server_error)
  [4;35;1mSQL (0.1ms)[0m   [0mSET NAMES 'utf8'[0m
  [4;36;1mSQL (0.1ms)[0m   [0;1mSET SQL_AUTO_IS_NULL=0[0m


Processing PostsController#show (for 127.0.0.1 at 2013-12-30 11:47:03) [GET]
  Parameters: {"id"=>"1"}
  [4;35;1mPost Columns (0.6ms)[0m   [0mSHOW FIELDS FROM `posts`[0m
  [4;36;1mPost Load (0.1ms)[0m   [0;1mSELECT * FROM `posts` WHERE (`posts`.`id` = 1) [0m
Rendering template within layouts/posts
Rendering posts/show
  [4;35;1mComment Load (0.0ms)[0m   [0mMysql::Error: Unknown column 'comments.post_id' in 'where clause': SELECT * FROM `comments` WHERE (`comments`.post_id = 1) [0m

ActionView::TemplateError (Mysql::Error: Unknown column 'comments.post_id' in 'where clause': SELECT * FROM `comments` WHERE (`comments`.post_id = 1) ) on line #16 of app/views/posts/show.html.erb:
13:   <%=h @post.body %>
14: </p>
15: <h2>Comments<h2>
16: <% @post.comments.each do |c| %>
17: <p>
18: 	<b><%=h c.name %>said:</b><br />
19: 	<%= time_ago_in_words(c.created_at) %> ago

    app/views/posts/show.html.erb:16
    app/controllers/posts_controller.rb:18:in `show'
    /usr/lib/ruby/1.8/webrick/httpserver.rb:104:in `service'
    /usr/lib/ruby/1.8/webrick/httpserver.rb:65:in `run'
    /usr/lib/ruby/1.8/webrick/server.rb:173:in `start_thread'
    /usr/lib/ruby/1.8/webrick/server.rb:162:in `start'
    /usr/lib/ruby/1.8/webrick/server.rb:162:in `start_thread'
    /usr/lib/ruby/1.8/webrick/server.rb:95:in `start'
    /usr/lib/ruby/1.8/webrick/server.rb:92:in `each'
    /usr/lib/ruby/1.8/webrick/server.rb:92:in `start'
    /usr/lib/ruby/1.8/webrick/server.rb:23:in `start'
    /usr/lib/ruby/1.8/webrick/server.rb:82:in `start'

Rendered rescues/_trace (33.4ms)
Rendered rescues/_request_and_response (0.2ms)
Rendering rescues/layout (internal_server_error)
  [4;36;1mSQL (0.1ms)[0m   [0;1mSET NAMES 'utf8'[0m
  [4;35;1mSQL (0.1ms)[0m   [0mSET SQL_AUTO_IS_NULL=0[0m


Processing PostsController#index (for 127.0.0.1 at 2013-12-30 11:47:07) [GET]
  [4;36;1mPost Load (0.2ms)[0m   [0;1mSELECT * FROM `posts` [0m
Rendering template within layouts/posts
Rendering posts/index
  [4;35;1mPost Columns (0.5ms)[0m   [0mSHOW FIELDS FROM `posts`[0m
Completed in 10ms (View: 4, DB: 1) | 200 OK [http://localhost/posts]
  [4;36;1mSQL (0.1ms)[0m   [0;1mSET NAMES 'utf8'[0m
  [4;35;1mSQL (0.1ms)[0m   [0mSET SQL_AUTO_IS_NULL=0[0m


Processing PostsController#destroy (for 127.0.0.1 at 2013-12-30 11:47:15) [DELETE]
  Parameters: {"id"=>"1", "authenticity_token"=>"djB3Ce62QWvF1EnlzH/jXrlt9wpRy721n32B+BguaKs="}
  [4;36;1mPost Columns (0.6ms)[0m   [0;1mSHOW FIELDS FROM `posts`[0m
  [4;35;1mPost Load (0.1ms)[0m   [0mSELECT * FROM `posts` WHERE (`posts`.`id` = 1) [0m
  [4;36;1mSQL (0.0ms)[0m   [0;1mBEGIN[0m
  [4;35;1mPost Destroy (0.3ms)[0m   [0mDELETE FROM `posts` WHERE `id` = 1[0m
  [4;36;1mSQL (65.2ms)[0m   [0;1mCOMMIT[0m
Redirected to http://localhost:3000/posts
Completed in 73ms (DB: 66) | 302 Found [http://localhost/posts/1]
  [4;35;1mSQL (0.1ms)[0m   [0mSET NAMES 'utf8'[0m
  [4;36;1mSQL (0.1ms)[0m   [0;1mSET SQL_AUTO_IS_NULL=0[0m


Processing PostsController#index (for 127.0.0.1 at 2013-12-30 11:47:15) [GET]
  [4;35;1mPost Load (0.3ms)[0m   [0mSELECT * FROM `posts` [0m
Rendering template within layouts/posts
Rendering posts/index
Completed in 5ms (View: 1, DB: 0) | 200 OK [http://localhost/posts]
  [4;36;1mSQL (0.2ms)[0m   [0;1mSET NAMES 'utf8'[0m
  [4;35;1mSQL (0.1ms)[0m   [0mSET SQL_AUTO_IS_NULL=0[0m


Processing PostsController#new (for 127.0.0.1 at 2013-12-30 11:47:17) [GET]
  [4;36;1mPost Columns (0.6ms)[0m   [0;1mSHOW FIELDS FROM `posts`[0m
Rendering template within layouts/posts
Rendering posts/new
Completed in 10ms (View: 5, DB: 1) | 200 OK [http://localhost/posts/new]
  [4;35;1mSQL (0.1ms)[0m   [0mSET NAMES 'utf8'[0m
  [4;36;1mSQL (0.1ms)[0m   [0;1mSET SQL_AUTO_IS_NULL=0[0m


Processing PostsController#create (for 127.0.0.1 at 2013-12-30 11:47:41) [POST]
  Parameters: {"post"=>{"body"=>"India (Listeni/ˈɪndiə/), officially the Republic of India (Bharat Ganrajya),[c] is a country in South Asia. It is the seventh-largest country by area, the second-most populous country with over 1.2 billion people, and the most populous democracy in the world. Bounded by the Indian Ocean on the south, the Arabian Sea on the south-west, and the Bay of Bengal on the south-east, it shares land borders with Pakistan to the west;[d] China, Nepal, and Bhutan to the north-east; and Burma and Bangladesh to the east. In the Indian Ocean, India is in the vicinity of Sri Lanka and the Maldives; in addition, India's Andaman and Nicobar Islands share a maritime border with Thailand and Indonesia.", "title"=>"India", "name"=>"Vinoth"}, "commit"=>"Create", "authenticity_token"=>"djB3Ce62QWvF1EnlzH/jXrlt9wpRy721n32B+BguaKs="}
  [4;35;1mPost Columns (0.7ms)[0m   [0mSHOW FIELDS FROM `posts`[0m
  [4;36;1mSQL (0.1ms)[0m   [0;1mBEGIN[0m
  [4;35;1mPost Create (0.3ms)[0m   [0mINSERT INTO `posts` (`created_at`, `body`, `updated_at`, `name`, `title`) VALUES('2013-12-30 06:17:41', 'India (Listeni/ˈɪndiə/), officially the Republic of India (Bharat Ganrajya),[c] is a country in South Asia. It is the seventh-largest country by area, the second-most populous country with over 1.2 billion people, and the most populous democracy in the world. Bounded by the Indian Ocean on the south, the Arabian Sea on the south-west, and the Bay of Bengal on the south-east, it shares land borders with Pakistan to the west;[d] China, Nepal, and Bhutan to the north-east; and Burma and Bangladesh to the east. In the Indian Ocean, India is in the vicinity of Sri Lanka and the Maldives; in addition, India\'s Andaman and Nicobar Islands share a maritime border with Thailand and Indonesia.', '2013-12-30 06:17:41', 'Vinoth', 'India')[0m
  [4;36;1mSQL (65.1ms)[0m   [0;1mCOMMIT[0m
Redirected to http://localhost:3000/posts/2
Completed in 73ms (DB: 66) | 302 Found [http://localhost/posts]
  [4;35;1mSQL (0.1ms)[0m   [0mSET NAMES 'utf8'[0m
  [4;36;1mSQL (0.2ms)[0m   [0;1mSET SQL_AUTO_IS_NULL=0[0m


Processing PostsController#show (for 127.0.0.1 at 2013-12-30 11:47:41) [GET]
  Parameters: {"id"=>"2"}
  [4;35;1mPost Columns (1.4ms)[0m   [0mSHOW FIELDS FROM `posts`[0m
  [4;36;1mPost Load (0.5ms)[0m   [0;1mSELECT * FROM `posts` WHERE (`posts`.`id` = 2) [0m
Rendering template within layouts/posts
Rendering posts/show
  [4;35;1mComment Load (0.0ms)[0m   [0mMysql::Error: Unknown column 'comments.post_id' in 'where clause': SELECT * FROM `comments` WHERE (`comments`.post_id = 2) [0m

ActionView::TemplateError (Mysql::Error: Unknown column 'comments.post_id' in 'where clause': SELECT * FROM `comments` WHERE (`comments`.post_id = 2) ) on line #16 of app/views/posts/show.html.erb:
13:   <%=h @post.body %>
14: </p>
15: <h2>Comments<h2>
16: <% @post.comments.each do |c| %>
17: <p>
18: 	<b><%=h c.name %>said:</b><br />
19: 	<%= time_ago_in_words(c.created_at) %> ago

    app/views/posts/show.html.erb:16
    app/controllers/posts_controller.rb:18:in `show'
    /usr/lib/ruby/1.8/webrick/httpserver.rb:104:in `service'
    /usr/lib/ruby/1.8/webrick/httpserver.rb:65:in `run'
    /usr/lib/ruby/1.8/webrick/server.rb:173:in `start_thread'
    /usr/lib/ruby/1.8/webrick/server.rb:162:in `start'
    /usr/lib/ruby/1.8/webrick/server.rb:162:in `start_thread'
    /usr/lib/ruby/1.8/webrick/server.rb:95:in `start'
    /usr/lib/ruby/1.8/webrick/server.rb:92:in `each'
    /usr/lib/ruby/1.8/webrick/server.rb:92:in `start'
    /usr/lib/ruby/1.8/webrick/server.rb:23:in `start'
    /usr/lib/ruby/1.8/webrick/server.rb:82:in `start'

Rendered rescues/_trace (68.8ms)
Rendered rescues/_request_and_response (0.2ms)
Rendering rescues/layout (internal_server_error)
  [4;36;1mSQL (0.1ms)[0m   [0;1mSET NAMES 'utf8'[0m
  [4;35;1mSQL (0.1ms)[0m   [0mSET SQL_AUTO_IS_NULL=0[0m


Processing PostsController#index (for 127.0.0.1 at 2013-12-30 11:49:08) [GET]
  [4;36;1mPost Load (0.6ms)[0m   [0;1mSELECT * FROM `posts` [0m
Rendering template within layouts/posts
Rendering posts/index
  [4;35;1mPost Columns (0.6ms)[0m   [0mSHOW FIELDS FROM `posts`[0m
Completed in 22ms (View: 13, DB: 1) | 200 OK [http://localhost/posts]
  [4;36;1mSQL (0.1ms)[0m   [0;1mSET NAMES 'utf8'[0m
  [4;35;1mSQL (0.1ms)[0m   [0mSET SQL_AUTO_IS_NULL=0[0m


Processing PostsController#show (for 127.0.0.1 at 2013-12-30 11:49:10) [GET]
  Parameters: {"id"=>"2"}
  [4;36;1mPost Columns (1.0ms)[0m   [0;1mSHOW FIELDS FROM `posts`[0m
  [4;35;1mPost Load (0.1ms)[0m   [0mSELECT * FROM `posts` WHERE (`posts`.`id` = 2) [0m
Rendering template within layouts/posts
Rendering posts/show
  [4;36;1mComment Load (0.0ms)[0m   [0;1mMysql::Error: Unknown column 'comments.post_id' in 'where clause': SELECT * FROM `comments` WHERE (`comments`.post_id = 2) [0m

ActionView::TemplateError (Mysql::Error: Unknown column 'comments.post_id' in 'where clause': SELECT * FROM `comments` WHERE (`comments`.post_id = 2) ) on line #16 of app/views/posts/show.html.erb:
13:   <%=h @post.body %>
14: </p>
15: <h2>Comments<h2>
16: <% @post.comments.each do |c| %>
17: <p>
18: 	<b><%=h c.name %>said:</b><br />
19: 	<%= time_ago_in_words(c.created_at) %> ago

    app/views/posts/show.html.erb:16
    app/controllers/posts_controller.rb:18:in `show'
    /usr/lib/ruby/1.8/webrick/httpserver.rb:104:in `service'
    /usr/lib/ruby/1.8/webrick/httpserver.rb:65:in `run'
    /usr/lib/ruby/1.8/webrick/server.rb:173:in `start_thread'
    /usr/lib/ruby/1.8/webrick/server.rb:162:in `start'
    /usr/lib/ruby/1.8/webrick/server.rb:162:in `start_thread'
    /usr/lib/ruby/1.8/webrick/server.rb:95:in `start'
    /usr/lib/ruby/1.8/webrick/server.rb:92:in `each'
    /usr/lib/ruby/1.8/webrick/server.rb:92:in `start'
    /usr/lib/ruby/1.8/webrick/server.rb:23:in `start'
    /usr/lib/ruby/1.8/webrick/server.rb:82:in `start'

Rendered rescues/_trace (35.5ms)
Rendered rescues/_request_and_response (1.0ms)
Rendering rescues/layout (internal_server_error)
  [4;35;1mSQL (0.1ms)[0m   [0mSET NAMES 'utf8'[0m
  [4;36;1mSQL (0.1ms)[0m   [0;1mSET SQL_AUTO_IS_NULL=0[0m


Processing PostsController#edit (for 127.0.0.1 at 2013-12-30 11:49:16) [GET]
  Parameters: {"id"=>"2"}
  [4;35;1mPost Columns (0.8ms)[0m   [0mSHOW FIELDS FROM `posts`[0m
  [4;36;1mPost Load (0.1ms)[0m   [0;1mSELECT * FROM `posts` WHERE (`posts`.`id` = 2) [0m
Rendering template within layouts/posts
Rendering posts/edit
Completed in 16ms (View: 10, DB: 1) | 200 OK [http://localhost/posts/2/edit]
  [4;35;1mSQL (0.1ms)[0m   [0mSET NAMES 'utf8'[0m
  [4;36;1mSQL (0.1ms)[0m   [0;1mSET SQL_AUTO_IS_NULL=0[0m


Processing PostsController#update (for 127.0.0.1 at 2013-12-30 11:49:19) [PUT]
  Parameters: {"authenticity_token"=>"djB3Ce62QWvF1EnlzH/jXrlt9wpRy721n32B+BguaKs=", "post"=>{"body"=>"India (Listeni/ˈɪndiə/), officially the Republic of India (Bharat Ganrajya),[c] is a country in South Asia. It is the seventh-largest country by area, the second-most populous country with over 1.2 billion people, and the most populous democracy in the world. Bounded by the Indian Ocean on the south, the Arabian Sea on the south-west, and the Bay of Bengal on the south-east, it shares land borders with Pakistan to the west;[d] China, Nepal, and Bhutan to the north-east; and Burma and Bangladesh to the east. In the Indian Ocean, India is in the vicinity of Sri Lanka and the Maldives; in addition, India's Andaman and Nicobar Islands share a maritime border with Thailand and Indonesia.", "name"=>"Vinoth", "title"=>"India"}, "id"=>"2", "commit"=>"Update"}
  [4;35;1mPost Columns (0.7ms)[0m   [0mSHOW FIELDS FROM `posts`[0m
  [4;36;1mPost Load (0.1ms)[0m   [0;1mSELECT * FROM `posts` WHERE (`posts`.`id` = 2) [0m
  [4;35;1mSQL (0.1ms)[0m   [0mBEGIN[0m
  [4;36;1mSQL (0.1ms)[0m   [0;1mCOMMIT[0m
Redirected to http://localhost:3000/posts/2
Completed in 8ms (DB: 1) | 302 Found [http://localhost/posts/2]
  [4;35;1mSQL (0.1ms)[0m   [0mSET NAMES 'utf8'[0m
  [4;36;1mSQL (0.1ms)[0m   [0;1mSET SQL_AUTO_IS_NULL=0[0m


Processing PostsController#show (for 127.0.0.1 at 2013-12-30 11:49:19) [GET]
  Parameters: {"id"=>"2"}
  [4;35;1mPost Columns (0.6ms)[0m   [0mSHOW FIELDS FROM `posts`[0m
  [4;36;1mPost Load (0.1ms)[0m   [0;1mSELECT * FROM `posts` WHERE (`posts`.`id` = 2) [0m
Rendering template within layouts/posts
Rendering posts/show
  [4;35;1mComment Load (0.0ms)[0m   [0mMysql::Error: Unknown column 'comments.post_id' in 'where clause': SELECT * FROM `comments` WHERE (`comments`.post_id = 2) [0m

ActionView::TemplateError (Mysql::Error: Unknown column 'comments.post_id' in 'where clause': SELECT * FROM `comments` WHERE (`comments`.post_id = 2) ) on line #16 of app/views/posts/show.html.erb:
13:   <%=h @post.body %>
14: </p>
15: <h2>Comments<h2>
16: <% @post.comments.each do |c| %>
17: <p>
18: 	<b><%=h c.name %>said:</b><br />
19: 	<%= time_ago_in_words(c.created_at) %> ago

    app/views/posts/show.html.erb:16
    app/controllers/posts_controller.rb:18:in `show'
    /usr/lib/ruby/1.8/webrick/httpserver.rb:104:in `service'
    /usr/lib/ruby/1.8/webrick/httpserver.rb:65:in `run'
    /usr/lib/ruby/1.8/webrick/server.rb:173:in `start_thread'
    /usr/lib/ruby/1.8/webrick/server.rb:162:in `start'
    /usr/lib/ruby/1.8/webrick/server.rb:162:in `start_thread'
    /usr/lib/ruby/1.8/webrick/server.rb:95:in `start'
    /usr/lib/ruby/1.8/webrick/server.rb:92:in `each'
    /usr/lib/ruby/1.8/webrick/server.rb:92:in `start'
    /usr/lib/ruby/1.8/webrick/server.rb:23:in `start'
    /usr/lib/ruby/1.8/webrick/server.rb:82:in `start'

Rendered rescues/_trace (33.4ms)
Rendered rescues/_request_and_response (0.2ms)
Rendering rescues/layout (internal_server_error)
  [4;36;1mSQL (0.1ms)[0m   [0;1mSET NAMES 'utf8'[0m
  [4;35;1mSQL (0.0ms)[0m   [0mSET SQL_AUTO_IS_NULL=0[0m


Processing PostsController#index (for 127.0.0.1 at 2013-12-30 11:55:52) [GET]
  [4;36;1mPost Load (0.3ms)[0m   [0;1mSELECT * FROM `posts` [0m
Rendering template within layouts/posts
Rendering posts/index
  [4;35;1mPost Columns (1.2ms)[0m   [0mSHOW FIELDS FROM `posts`[0m
Completed in 28ms (View: 18, DB: 2) | 200 OK [http://localhost/posts]
  [4;36;1mSQL (0.1ms)[0m   [0;1mSET NAMES 'utf8'[0m
  [4;35;1mSQL (0.1ms)[0m   [0mSET SQL_AUTO_IS_NULL=0[0m


Processing PostsController#show (for 127.0.0.1 at 2013-12-30 11:55:54) [GET]
  Parameters: {"id"=>"2"}
  [4;36;1mPost Columns (1.4ms)[0m   [0;1mSHOW FIELDS FROM `posts`[0m
  [4;35;1mPost Load (0.3ms)[0m   [0mSELECT * FROM `posts` WHERE (`posts`.`id` = 2) [0m
Rendering template within layouts/posts
Rendering posts/show
  [4;36;1mComment Load (0.0ms)[0m   [0;1mMysql::Error: Unknown column 'comments.post_id' in 'where clause': SELECT * FROM `comments` WHERE (`comments`.post_id = 2) [0m

ActionView::TemplateError (Mysql::Error: Unknown column 'comments.post_id' in 'where clause': SELECT * FROM `comments` WHERE (`comments`.post_id = 2) ) on line #18 of app/views/posts/show.html.erb:
15: <%= link_to 'Edit', edit_post_path(@post) %> |
16: <%= link_to 'Back', posts_path %>
17: <h2>Comments<h2>
18: <% @post.comments.each do |c| %>
19: <p>
20: 	<b><%=h c.name %>said:</b><br />
21: 	<%= time_ago_in_words(c.created_at) %> ago

    app/views/posts/show.html.erb:18
    app/controllers/posts_controller.rb:18:in `show'
    /usr/lib/ruby/1.8/webrick/httpserver.rb:104:in `service'
    /usr/lib/ruby/1.8/webrick/httpserver.rb:65:in `run'
    /usr/lib/ruby/1.8/webrick/server.rb:173:in `start_thread'
    /usr/lib/ruby/1.8/webrick/server.rb:162:in `start'
    /usr/lib/ruby/1.8/webrick/server.rb:162:in `start_thread'
    /usr/lib/ruby/1.8/webrick/server.rb:95:in `start'
    /usr/lib/ruby/1.8/webrick/server.rb:92:in `each'
    /usr/lib/ruby/1.8/webrick/server.rb:92:in `start'
    /usr/lib/ruby/1.8/webrick/server.rb:23:in `start'
    /usr/lib/ruby/1.8/webrick/server.rb:82:in `start'

Rendered rescues/_trace (35.7ms)
Rendered rescues/_request_and_response (1.1ms)
Rendering rescues/layout (internal_server_error)
  [4;36;1mSQL (0.2ms)[0m   [0;1mSET NAMES 'utf8'[0m
  [4;35;1mSQL (0.2ms)[0m   [0mSET SQL_AUTO_IS_NULL=0[0m


Processing PostsController#index (for 127.0.0.1 at 2013-12-30 11:58:24) [GET]
  [4;36;1mPost Load (0.1ms)[0m   [0;1mSELECT * FROM `posts` [0m
Rendering template within layouts/posts
Rendering posts/index
  [4;35;1mPost Columns (1.4ms)[0m   [0mSHOW FIELDS FROM `posts`[0m
Completed in 22ms (View: 13, DB: 2) | 200 OK [http://localhost/posts]
  [4;36;1mSQL (0.1ms)[0m   [0;1mSET NAMES 'utf8'[0m
  [4;35;1mSQL (0.1ms)[0m   [0mSET SQL_AUTO_IS_NULL=0[0m


Processing PostsController#show (for 127.0.0.1 at 2013-12-30 11:58:26) [GET]
  Parameters: {"id"=>"2"}
  [4;36;1mPost Columns (0.6ms)[0m   [0;1mSHOW FIELDS FROM `posts`[0m
  [4;35;1mPost Load (0.3ms)[0m   [0mSELECT * FROM `posts` WHERE (`posts`.`id` = 2) [0m
Rendering template within layouts/posts
Rendering posts/show
  [4;36;1mComment Load (0.0ms)[0m   [0;1mMysql::Error: Unknown column 'comments.post_id' in 'where clause': SELECT * FROM `comments` WHERE (`comments`.post_id = 2) [0m

ActionView::TemplateError (Mysql::Error: Unknown column 'comments.post_id' in 'where clause': SELECT * FROM `comments` WHERE (`comments`.post_id = 2) ) on line #18 of app/views/posts/show.html.erb:
15: <%= link_to 'Edit', edit_post_path(@post) %> |
16: <%= link_to 'Back', posts_path %>
17: <h2>Comments</h2>
18: <% @post.comments.each do |c| %>
19: <p>
20: 	<b><%=h c.name %>said:</b><br />
21: 	<%= time_ago_in_words(c.created_at) %> ago

    app/views/posts/show.html.erb:18
    app/controllers/posts_controller.rb:18:in `show'
    /usr/lib/ruby/1.8/webrick/httpserver.rb:104:in `service'
    /usr/lib/ruby/1.8/webrick/httpserver.rb:65:in `run'
    /usr/lib/ruby/1.8/webrick/server.rb:173:in `start_thread'
    /usr/lib/ruby/1.8/webrick/server.rb:162:in `start'
    /usr/lib/ruby/1.8/webrick/server.rb:162:in `start_thread'
    /usr/lib/ruby/1.8/webrick/server.rb:95:in `start'
    /usr/lib/ruby/1.8/webrick/server.rb:92:in `each'
    /usr/lib/ruby/1.8/webrick/server.rb:92:in `start'
    /usr/lib/ruby/1.8/webrick/server.rb:23:in `start'
    /usr/lib/ruby/1.8/webrick/server.rb:82:in `start'

Rendered rescues/_trace (35.1ms)
Rendered rescues/_request_and_response (1.0ms)
Rendering rescues/layout (internal_server_error)
  [4;36;1mSQL (0.2ms)[0m   [0;1mSET NAMES 'utf8'[0m
  [4;35;1mSQL (0.2ms)[0m   [0mSET SQL_AUTO_IS_NULL=0[0m


Processing PostsController#index (for 127.0.0.1 at 2013-12-30 12:05:42) [GET]
  [4;36;1mPost Load (0.3ms)[0m   [0;1mSELECT * FROM `posts` [0m
Rendering template within layouts/posts
Rendering posts/index
  [4;35;1mPost Columns (1.4ms)[0m   [0mSHOW FIELDS FROM `posts`[0m
Completed in 22ms (View: 12, DB: 2) | 200 OK [http://localhost/posts]
  [4;36;1mSQL (0.1ms)[0m   [0;1mSET NAMES 'utf8'[0m
  [4;35;1mSQL (0.1ms)[0m   [0mSET SQL_AUTO_IS_NULL=0[0m


Processing PostsController#show (for 127.0.0.1 at 2013-12-30 12:05:44) [GET]
  Parameters: {"id"=>"2"}
  [4;36;1mPost Columns (1.3ms)[0m   [0;1mSHOW FIELDS FROM `posts`[0m
  [4;35;1mPost Load (0.2ms)[0m   [0mSELECT * FROM `posts` WHERE (`posts`.`id` = 2) [0m
Rendering template within layouts/posts
Rendering posts/show
  [4;36;1mComment Load (0.0ms)[0m   [0;1mMysql::Error: Unknown column 'comments.post_id' in 'where clause': SELECT * FROM `comments` WHERE (`comments`.post_id = 2) [0m

ActionView::TemplateError (Mysql::Error: Unknown column 'comments.post_id' in 'where clause': SELECT * FROM `comments` WHERE (`comments`.post_id = 2) ) on line #19 of app/views/posts/show.html.erb:
16: <%= link_to 'Back', posts_path %>
17: <h2>Comments</h2>
18: <div if="comments">
19: 	<%= render :partial => @post.comments %>
20: </div>
21: <% form_for [@post, Comment.new] do |f| %>
22: <p>

    app/views/posts/show.html.erb:19
    app/controllers/posts_controller.rb:18:in `show'
    /usr/lib/ruby/1.8/webrick/httpserver.rb:104:in `service'
    /usr/lib/ruby/1.8/webrick/httpserver.rb:65:in `run'
    /usr/lib/ruby/1.8/webrick/server.rb:173:in `start_thread'
    /usr/lib/ruby/1.8/webrick/server.rb:162:in `start'
    /usr/lib/ruby/1.8/webrick/server.rb:162:in `start_thread'
    /usr/lib/ruby/1.8/webrick/server.rb:95:in `start'
    /usr/lib/ruby/1.8/webrick/server.rb:92:in `each'
    /usr/lib/ruby/1.8/webrick/server.rb:92:in `start'
    /usr/lib/ruby/1.8/webrick/server.rb:23:in `start'
    /usr/lib/ruby/1.8/webrick/server.rb:82:in `start'

Rendered rescues/_trace (36.1ms)
Rendered rescues/_request_and_response (1.0ms)
Rendering rescues/layout (internal_server_error)
  [4;35;1mSQL (0.1ms)[0m   [0mSET NAMES 'utf8'[0m
  [4;36;1mSQL (0.2ms)[0m   [0;1mSET SQL_AUTO_IS_NULL=0[0m


Processing PostsController#new (for 127.0.0.1 at 2013-12-30 12:06:10) [GET]
  [4;35;1mPost Columns (0.5ms)[0m   [0mSHOW FIELDS FROM `posts`[0m
Rendering template within layouts/posts
Rendering posts/new
Completed in 13ms (View: 9, DB: 1) | 200 OK [http://localhost/posts/new]
  [4;36;1mSQL (0.1ms)[0m   [0;1mSET NAMES 'utf8'[0m
  [4;35;1mSQL (0.1ms)[0m   [0mSET SQL_AUTO_IS_NULL=0[0m


Processing PostsController#create (for 127.0.0.1 at 2013-12-30 12:06:11) [POST]
  Parameters: {"commit"=>"Create", "authenticity_token"=>"djB3Ce62QWvF1EnlzH/jXrlt9wpRy721n32B+BguaKs=", "post"=>{"name"=>"", "title"=>"", "body"=>""}}
  [4;36;1mPost Columns (1.1ms)[0m   [0;1mSHOW FIELDS FROM `posts`[0m
  [4;35;1mSQL (0.2ms)[0m   [0mBEGIN[0m
  [4;36;1mPost Create (0.3ms)[0m   [0;1mINSERT INTO `posts` (`name`, `created_at`, `updated_at`, `title`, `body`) VALUES('', '2013-12-30 06:36:11', '2013-12-30 06:36:11', '', '')[0m
  [4;35;1mSQL (63.8ms)[0m   [0mCOMMIT[0m
Redirected to http://localhost:3000/posts/3
Completed in 76ms (DB: 66) | 302 Found [http://localhost/posts]
  [4;36;1mSQL (0.2ms)[0m   [0;1mSET NAMES 'utf8'[0m
  [4;35;1mSQL (0.1ms)[0m   [0mSET SQL_AUTO_IS_NULL=0[0m


Processing PostsController#show (for 127.0.0.1 at 2013-12-30 12:06:11) [GET]
  Parameters: {"id"=>"3"}
  [4;36;1mPost Columns (0.9ms)[0m   [0;1mSHOW FIELDS FROM `posts`[0m
  [4;35;1mPost Load (0.3ms)[0m   [0mSELECT * FROM `posts` WHERE (`posts`.`id` = 3) [0m
Rendering template within layouts/posts
Rendering posts/show
  [4;36;1mComment Load (0.0ms)[0m   [0;1mMysql::Error: Unknown column 'comments.post_id' in 'where clause': SELECT * FROM `comments` WHERE (`comments`.post_id = 3) [0m

ActionView::TemplateError (Mysql::Error: Unknown column 'comments.post_id' in 'where clause': SELECT * FROM `comments` WHERE (`comments`.post_id = 3) ) on line #19 of app/views/posts/show.html.erb:
16: <%= link_to 'Back', posts_path %>
17: <h2>Comments</h2>
18: <div if="comments">
19: 	<%= render :partial => @post.comments %>
20: </div>
21: <% form_for [@post, Comment.new] do |f| %>
22: <p>

    app/views/posts/show.html.erb:19
    app/controllers/posts_controller.rb:18:in `show'
    /usr/lib/ruby/1.8/webrick/httpserver.rb:104:in `service'
    /usr/lib/ruby/1.8/webrick/httpserver.rb:65:in `run'
    /usr/lib/ruby/1.8/webrick/server.rb:173:in `start_thread'
    /usr/lib/ruby/1.8/webrick/server.rb:162:in `start'
    /usr/lib/ruby/1.8/webrick/server.rb:162:in `start_thread'
    /usr/lib/ruby/1.8/webrick/server.rb:95:in `start'
    /usr/lib/ruby/1.8/webrick/server.rb:92:in `each'
    /usr/lib/ruby/1.8/webrick/server.rb:92:in `start'
    /usr/lib/ruby/1.8/webrick/server.rb:23:in `start'
    /usr/lib/ruby/1.8/webrick/server.rb:82:in `start'

Rendered rescues/_trace (34.3ms)
Rendered rescues/_request_and_response (0.2ms)
Rendering rescues/layout (internal_server_error)
  [4;35;1mSQL (0.1ms)[0m   [0mSET NAMES 'utf8'[0m
  [4;36;1mSQL (0.1ms)[0m   [0;1mSET SQL_AUTO_IS_NULL=0[0m


Processing PostsController#index (for 127.0.0.1 at 2013-12-30 12:06:16) [GET]
  [4;35;1mPost Load (0.2ms)[0m   [0mSELECT * FROM `posts` [0m
Rendering template within layouts/posts
Rendering posts/index
  [4;36;1mPost Columns (0.9ms)[0m   [0;1mSHOW FIELDS FROM `posts`[0m
Completed in 16ms (View: 10, DB: 1) | 200 OK [http://localhost/posts]
  [4;35;1mSQL (0.1ms)[0m   [0mSET NAMES 'utf8'[0m
  [4;36;1mSQL (0.1ms)[0m   [0;1mSET SQL_AUTO_IS_NULL=0[0m


Processing PostsController#destroy (for 127.0.0.1 at 2013-12-30 12:06:18) [DELETE]
  Parameters: {"authenticity_token"=>"djB3Ce62QWvF1EnlzH/jXrlt9wpRy721n32B+BguaKs=", "id"=>"3"}
  [4;35;1mPost Columns (0.6ms)[0m   [0mSHOW FIELDS FROM `posts`[0m
  [4;36;1mPost Load (0.1ms)[0m   [0;1mSELECT * FROM `posts` WHERE (`posts`.`id` = 3) [0m
  [4;35;1mSQL (0.1ms)[0m   [0mBEGIN[0m
  [4;36;1mPost Destroy (0.3ms)[0m   [0;1mDELETE FROM `posts` WHERE `id` = 3[0m
  [4;35;1mSQL (59.5ms)[0m   [0mCOMMIT[0m
Redirected to http://localhost:3000/posts
Completed in 67ms (DB: 61) | 302 Found [http://localhost/posts/3]
  [4;36;1mSQL (0.1ms)[0m   [0;1mSET NAMES 'utf8'[0m
  [4;35;1mSQL (0.1ms)[0m   [0mSET SQL_AUTO_IS_NULL=0[0m


Processing PostsController#index (for 127.0.0.1 at 2013-12-30 12:06:19) [GET]
  [4;36;1mPost Load (0.2ms)[0m   [0;1mSELECT * FROM `posts` [0m
Rendering template within layouts/posts
Rendering posts/index
  [4;35;1mPost Columns (0.6ms)[0m   [0mSHOW FIELDS FROM `posts`[0m
Completed in 12ms (View: 5, DB: 1) | 200 OK [http://localhost/posts]
  [4;36;1mSQL (0.3ms)[0m   [0;1mSET NAMES 'utf8'[0m
  [4;35;1mSQL (0.1ms)[0m   [0mSET SQL_AUTO_IS_NULL=0[0m


Processing PostsController#index (for 127.0.0.1 at 2013-12-30 12:08:50) [GET]
  [4;36;1mPost Load (0.3ms)[0m   [0;1mSELECT * FROM `posts` [0m
Rendering template within layouts/posts
Rendering posts/index
  [4;35;1mPost Columns (1.1ms)[0m   [0mSHOW FIELDS FROM `posts`[0m
Completed in 27ms (View: 18, DB: 2) | 200 OK [http://localhost/posts]
  [4;36;1mSQL (0.1ms)[0m   [0;1mSET NAMES 'utf8'[0m
  [4;35;1mSQL (0.0ms)[0m   [0mSET SQL_AUTO_IS_NULL=0[0m


Processing PostsController#show (for 127.0.0.1 at 2013-12-30 12:08:51) [GET]
  Parameters: {"id"=>"2"}
  [4;36;1mPost Columns (1.4ms)[0m   [0;1mSHOW FIELDS FROM `posts`[0m
  [4;35;1mPost Load (0.5ms)[0m   [0mSELECT * FROM `posts` WHERE (`posts`.`id` = 2) [0m
Rendering template within layouts/posts
Rendering posts/show
Completed in 11ms (View: 5, DB: 2) | 200 OK [http://localhost/posts/2]
  [4;36;1mSQL (0.1ms)[0m   [0;1mSET NAMES 'utf8'[0m
  [4;35;1mSQL (0.1ms)[0m   [0mSET SQL_AUTO_IS_NULL=0[0m


Processing PostsController#edit (for 127.0.0.1 at 2013-12-30 12:08:58) [GET]
  Parameters: {"id"=>"2"}
  [4;36;1mPost Columns (0.6ms)[0m   [0;1mSHOW FIELDS FROM `posts`[0m
  [4;35;1mPost Load (0.1ms)[0m   [0mSELECT * FROM `posts` WHERE (`posts`.`id` = 2) [0m
Rendering template within layouts/posts
Rendering posts/edit
Completed in 14ms (View: 9, DB: 1) | 200 OK [http://localhost/posts/2/edit]
  [4;36;1mSQL (0.1ms)[0m   [0;1mSET NAMES 'utf8'[0m
  [4;35;1mSQL (0.1ms)[0m   [0mSET SQL_AUTO_IS_NULL=0[0m


Processing PostsController#update (for 127.0.0.1 at 2013-12-30 12:08:59) [PUT]
  Parameters: {"id"=>"2", "authenticity_token"=>"djB3Ce62QWvF1EnlzH/jXrlt9wpRy721n32B+BguaKs=", "commit"=>"Update", "post"=>{"name"=>"Vinoth", "title"=>"India", "body"=>"India (Listeni/ˈɪndiə/), officially the Republic of India (Bharat Ganrajya),[c] is a country in South Asia. It is the seventh-largest country by area, the second-most populous country with over 1.2 billion people, and the most populous democracy in the world. Bounded by the Indian Ocean on the south, the Arabian Sea on the south-west, and the Bay of Bengal on the south-east, it shares land borders with Pakistan to the west;[d] China, Nepal, and Bhutan to the north-east; and Burma and Bangladesh to the east. In the Indian Ocean, India is in the vicinity of Sri Lanka and the Maldives; in addition, India's Andaman and Nicobar Islands share a maritime border with Thailand and Indonesia."}}
  [4;36;1mPost Columns (0.7ms)[0m   [0;1mSHOW FIELDS FROM `posts`[0m
  [4;35;1mPost Load (0.1ms)[0m   [0mSELECT * FROM `posts` WHERE (`posts`.`id` = 2) [0m
  [4;36;1mSQL (0.1ms)[0m   [0;1mBEGIN[0m
  [4;35;1mSQL (0.1ms)[0m   [0mCOMMIT[0m
Redirected to http://localhost:3000/posts/2
Completed in 7ms (DB: 1) | 302 Found [http://localhost/posts/2]
  [4;36;1mSQL (0.1ms)[0m   [0;1mSET NAMES 'utf8'[0m
  [4;35;1mSQL (0.1ms)[0m   [0mSET SQL_AUTO_IS_NULL=0[0m


Processing PostsController#show (for 127.0.0.1 at 2013-12-30 12:08:59) [GET]
  Parameters: {"id"=>"2"}
  [4;36;1mPost Columns (0.5ms)[0m   [0;1mSHOW FIELDS FROM `posts`[0m
  [4;35;1mPost Load (0.3ms)[0m   [0mSELECT * FROM `posts` WHERE (`posts`.`id` = 2) [0m
Rendering template within layouts/posts
Rendering posts/show
Completed in 7ms (View: 2, DB: 1) | 200 OK [http://localhost/posts/2]
  [4;36;1mSQL (0.1ms)[0m   [0;1mSET NAMES 'utf8'[0m
  [4;35;1mSQL (0.0ms)[0m   [0mSET SQL_AUTO_IS_NULL=0[0m


Processing PostsController#index (for 127.0.0.1 at 2013-12-30 12:09:06) [GET]
  [4;36;1mPost Load (0.2ms)[0m   [0;1mSELECT * FROM `posts` [0m
Rendering template within layouts/posts
Rendering posts/index
  [4;35;1mPost Columns (0.7ms)[0m   [0mSHOW FIELDS FROM `posts`[0m
Completed in 9ms (View: 4, DB: 1) | 200 OK [http://localhost/posts]
  [4;36;1mSQL (0.2ms)[0m   [0;1mSET NAMES 'utf8'[0m
  [4;35;1mSQL (0.1ms)[0m   [0mSET SQL_AUTO_IS_NULL=0[0m


Processing PostsController#index (for 127.0.0.1 at 2013-12-30 12:16:00) [GET]
  [4;36;1mPost Load (0.3ms)[0m   [0;1mSELECT * FROM `posts` [0m
Rendering template within layouts/posts
Rendering posts/index
  [4;35;1mPost Columns (1.1ms)[0m   [0mSHOW FIELDS FROM `posts`[0m
Completed in 27ms (View: 17, DB: 2) | 200 OK [http://localhost/posts]
  [4;36;1mSQL (0.1ms)[0m   [0;1mSET NAMES 'utf8'[0m
  [4;35;1mSQL (0.1ms)[0m   [0mSET SQL_AUTO_IS_NULL=0[0m


Processing PostsController#show (for 127.0.0.1 at 2013-12-30 12:16:03) [GET]
  Parameters: {"id"=>"2"}
  [4;36;1mPost Columns (1.1ms)[0m   [0;1mSHOW FIELDS FROM `posts`[0m
  [4;35;1mPost Load (0.1ms)[0m   [0mSELECT * FROM `posts` WHERE (`posts`.`id` = 2) [0m
Rendering template within layouts/posts
Rendering posts/show

ActionView::TemplateError (Called id for nil, which would mistakenly be 4 -- if you really wanted the id of nil, use object_id) on line #19 of app/views/posts/show.html.erb:
16: <%= link_to 'Back', posts_path %>
17: 
18: <hr />
19: <% form_for @comment do|f| %>
20:   <%= f.error_messages %>
21:   <%= f.hidden_field :post_id %>
22: 

    app/views/posts/show.html.erb:19
    app/controllers/posts_controller.rb:18:in `show'
    /usr/lib/ruby/1.8/webrick/httpserver.rb:104:in `service'
    /usr/lib/ruby/1.8/webrick/httpserver.rb:65:in `run'
    /usr/lib/ruby/1.8/webrick/server.rb:173:in `start_thread'
    /usr/lib/ruby/1.8/webrick/server.rb:162:in `start'
    /usr/lib/ruby/1.8/webrick/server.rb:162:in `start_thread'
    /usr/lib/ruby/1.8/webrick/server.rb:95:in `start'
    /usr/lib/ruby/1.8/webrick/server.rb:92:in `each'
    /usr/lib/ruby/1.8/webrick/server.rb:92:in `start'
    /usr/lib/ruby/1.8/webrick/server.rb:23:in `start'
    /usr/lib/ruby/1.8/webrick/server.rb:82:in `start'

Rendered rescues/_trace (30.4ms)
Rendered rescues/_request_and_response (1.0ms)
Rendering rescues/layout (internal_server_error)
  [4;36;1mSQL (0.1ms)[0m   [0;1mSET NAMES 'utf8'[0m
  [4;35;1mSQL (0.1ms)[0m   [0mSET SQL_AUTO_IS_NULL=0[0m


Processing ApplicationController#index (for 127.0.0.1 at 2013-12-30 12:17:55) [GET]

SyntaxError (/home/vinoth/rails_projects/blog/app/controllers/posts_controller.rb:17: syntax error, unexpected '<', expecting kEND
  <b>@comment = Comment.new( :post => @post )</b>
   ^
/home/vinoth/rails_projects/blog/app/controllers/posts_controller.rb:25: unknown regexp options - pt
/home/vinoth/rails_projects/blog/app/controllers/posts_controller.rb:84: syntax error, unexpected $end, expecting kEND):
  /usr/lib/ruby/1.8/webrick/httpserver.rb:104:in `service'
  /usr/lib/ruby/1.8/webrick/httpserver.rb:65:in `run'
  /usr/lib/ruby/1.8/webrick/server.rb:173:in `start_thread'
  /usr/lib/ruby/1.8/webrick/server.rb:162:in `start'
  /usr/lib/ruby/1.8/webrick/server.rb:162:in `start_thread'
  /usr/lib/ruby/1.8/webrick/server.rb:95:in `start'
  /usr/lib/ruby/1.8/webrick/server.rb:92:in `each'
  /usr/lib/ruby/1.8/webrick/server.rb:92:in `start'
  /usr/lib/ruby/1.8/webrick/server.rb:23:in `start'
  /usr/lib/ruby/1.8/webrick/server.rb:82:in `start'

Rendered rescues/_trace (53.2ms)
Rendered rescues/_request_and_response (1.0ms)
Rendering rescues/layout (internal_server_error)
  [4;36;1mSQL (0.1ms)[0m   [0;1mSET NAMES 'utf8'[0m
  [4;35;1mSQL (0.1ms)[0m   [0mSET SQL_AUTO_IS_NULL=0[0m


Processing ApplicationController#index (for 127.0.0.1 at 2013-12-30 12:17:58) [GET]

SyntaxError (/home/vinoth/rails_projects/blog/app/controllers/posts_controller.rb:17: syntax error, unexpected '<', expecting kEND
  <b>@comment = Comment.new( :post => @post )</b>
   ^
/home/vinoth/rails_projects/blog/app/controllers/posts_controller.rb:25: unknown regexp options - pt
/home/vinoth/rails_projects/blog/app/controllers/posts_controller.rb:84: syntax error, unexpected $end, expecting kEND):
  /usr/lib/ruby/1.8/webrick/httpserver.rb:104:in `service'
  /usr/lib/ruby/1.8/webrick/httpserver.rb:65:in `run'
  /usr/lib/ruby/1.8/webrick/server.rb:173:in `start_thread'
  /usr/lib/ruby/1.8/webrick/server.rb:162:in `start'
  /usr/lib/ruby/1.8/webrick/server.rb:162:in `start_thread'
  /usr/lib/ruby/1.8/webrick/server.rb:95:in `start'
  /usr/lib/ruby/1.8/webrick/server.rb:92:in `each'
  /usr/lib/ruby/1.8/webrick/server.rb:92:in `start'
  /usr/lib/ruby/1.8/webrick/server.rb:23:in `start'
  /usr/lib/ruby/1.8/webrick/server.rb:82:in `start'

Rendered rescues/_trace (18.6ms)
Rendered rescues/_request_and_response (0.3ms)
Rendering rescues/layout (internal_server_error)
  [4;36;1mSQL (0.1ms)[0m   [0;1mSET NAMES 'utf8'[0m
  [4;35;1mSQL (0.1ms)[0m   [0mSET SQL_AUTO_IS_NULL=0[0m


Processing PostsController#index (for 127.0.0.1 at 2013-12-30 12:20:03) [GET]
  [4;36;1mPost Load (0.2ms)[0m   [0;1mSELECT * FROM `posts` [0m
Rendering template within layouts/posts
Rendering posts/index
  [4;35;1mPost Columns (1.4ms)[0m   [0mSHOW FIELDS FROM `posts`[0m
Completed in 22ms (View: 13, DB: 2) | 200 OK [http://localhost/posts]
  [4;36;1mSQL (0.1ms)[0m   [0;1mSET NAMES 'utf8'[0m
  [4;35;1mSQL (0.1ms)[0m   [0mSET SQL_AUTO_IS_NULL=0[0m


Processing PostsController#show (for 127.0.0.1 at 2013-12-30 12:20:05) [GET]
  Parameters: {"id"=>"2"}
  [4;36;1mPost Columns (1.1ms)[0m   [0;1mSHOW FIELDS FROM `posts`[0m
  [4;35;1mPost Load (0.2ms)[0m   [0mSELECT * FROM `posts` WHERE (`posts`.`id` = 2) [0m
Rendering template within layouts/posts
Rendering posts/show

ActionView::TemplateError (Called id for nil, which would mistakenly be 4 -- if you really wanted the id of nil, use object_id) on line #19 of app/views/posts/show.html.erb:
16: <%= link_to 'Back', posts_path %>
17: 
18: <br />
19: <% form_for @comment do|f| %>
20:   <%= f.error_messages %>
21:   <%= f.hidden_field :post_id %>
22: 

    app/views/posts/show.html.erb:19
    app/controllers/posts_controller.rb:19:in `show'
    /usr/lib/ruby/1.8/webrick/httpserver.rb:104:in `service'
    /usr/lib/ruby/1.8/webrick/httpserver.rb:65:in `run'
    /usr/lib/ruby/1.8/webrick/server.rb:173:in `start_thread'
    /usr/lib/ruby/1.8/webrick/server.rb:162:in `start'
    /usr/lib/ruby/1.8/webrick/server.rb:162:in `start_thread'
    /usr/lib/ruby/1.8/webrick/server.rb:95:in `start'
    /usr/lib/ruby/1.8/webrick/server.rb:92:in `each'
    /usr/lib/ruby/1.8/webrick/server.rb:92:in `start'
    /usr/lib/ruby/1.8/webrick/server.rb:23:in `start'
    /usr/lib/ruby/1.8/webrick/server.rb:82:in `start'

Rendered rescues/_trace (30.7ms)
Rendered rescues/_request_and_response (1.0ms)
Rendering rescues/layout (internal_server_error)
  [4;36;1mSQL (0.2ms)[0m   [0;1mSET NAMES 'utf8'[0m
  [4;35;1mSQL (0.2ms)[0m   [0mSET SQL_AUTO_IS_NULL=0[0m


Processing PostsController#index (for 127.0.0.1 at 2013-12-30 12:21:17) [GET]
  [4;36;1mPost Load (0.3ms)[0m   [0;1mSELECT * FROM `posts` [0m
Rendering template within layouts/posts
Rendering posts/index
  [4;35;1mPost Columns (1.3ms)[0m   [0mSHOW FIELDS FROM `posts`[0m
Completed in 29ms (View: 20, DB: 2) | 200 OK [http://localhost/posts]
  [4;36;1mSQL (0.1ms)[0m   [0;1mSET NAMES 'utf8'[0m
  [4;35;1mSQL (0.1ms)[0m   [0mSET SQL_AUTO_IS_NULL=0[0m


Processing PostsController#show (for 127.0.0.1 at 2013-12-30 12:21:19) [GET]
  Parameters: {"id"=>"2"}
  [4;36;1mPost Columns (0.6ms)[0m   [0;1mSHOW FIELDS FROM `posts`[0m
  [4;35;1mPost Load (0.1ms)[0m   [0mSELECT * FROM `posts` WHERE (`posts`.`id` = 2) [0m
Rendering template within layouts/posts
Rendering posts/show

ActionView::TemplateError (Called id for nil, which would mistakenly be 4 -- if you really wanted the id of nil, use object_id) on line #18 of app/views/posts/show.html.erb:
15: <%= link_to 'Edit', edit_post_path(@post) %> |
16: <%= link_to 'Back', posts_path %>
17: 
18: <% form_for @comment do|f| %>
19:   <%= f.error_messages %>
20:   <%= f.hidden_field :post_id %>
21: 

    app/views/posts/show.html.erb:18
    app/controllers/posts_controller.rb:19:in `show'
    /usr/lib/ruby/1.8/webrick/httpserver.rb:104:in `service'
    /usr/lib/ruby/1.8/webrick/httpserver.rb:65:in `run'
    /usr/lib/ruby/1.8/webrick/server.rb:173:in `start_thread'
    /usr/lib/ruby/1.8/webrick/server.rb:162:in `start'
    /usr/lib/ruby/1.8/webrick/server.rb:162:in `start_thread'
    /usr/lib/ruby/1.8/webrick/server.rb:95:in `start'
    /usr/lib/ruby/1.8/webrick/server.rb:92:in `each'
    /usr/lib/ruby/1.8/webrick/server.rb:92:in `start'
    /usr/lib/ruby/1.8/webrick/server.rb:23:in `start'
    /usr/lib/ruby/1.8/webrick/server.rb:82:in `start'

Rendered rescues/_trace (30.4ms)
Rendered rescues/_request_and_response (1.0ms)
Rendering rescues/layout (internal_server_error)
  [4;36;1mSQL (0.2ms)[0m   [0;1mSET NAMES 'utf8'[0m
  [4;35;1mSQL (0.1ms)[0m   [0mSET SQL_AUTO_IS_NULL=0[0m


Processing PostsController#index (for 127.0.0.1 at 2013-12-30 12:29:43) [GET]
  [4;36;1mPost Load (0.1ms)[0m   [0;1mSELECT * FROM `posts` [0m
Rendering template within layouts/posts
Rendering posts/index
  [4;35;1mPost Columns (1.4ms)[0m   [0mSHOW FIELDS FROM `posts`[0m
Completed in 22ms (View: 13, DB: 2) | 200 OK [http://localhost/posts]
  [4;36;1mSQL (0.1ms)[0m   [0;1mSET NAMES 'utf8'[0m
  [4;35;1mSQL (0.1ms)[0m   [0mSET SQL_AUTO_IS_NULL=0[0m


Processing PostsController#show (for 127.0.0.1 at 2013-12-30 12:29:44) [GET]
  Parameters: {"id"=>"2"}
  [4;36;1mPost Columns (1.3ms)[0m   [0;1mSHOW FIELDS FROM `posts`[0m
  [4;35;1mPost Load (0.2ms)[0m   [0mSELECT * FROM `posts` WHERE (`posts`.`id` = 2) [0m
Rendering template within layouts/posts
Rendering posts/show
  [4;36;1mComment Load (0.0ms)[0m   [0;1mMysql::Error: Unknown column 'comments.post_id' in 'where clause': SELECT * FROM `comments` WHERE (`comments`.post_id = 2) [0m

ActionView::TemplateError (Mysql::Error: Unknown column 'comments.post_id' in 'where clause': SELECT * FROM `comments` WHERE (`comments`.post_id = 2) ) on line #18 of app/views/posts/show.html.erb:
15: <%= link_to 'Edit', edit_post_path(@post) %> |
16: <%= link_to 'Back', posts_path %>
17: 
18: <% for comment in @post.comments %>
19:  
20:  <%= form_tag :action => "comment", :id => @post %>
21: 

    app/views/posts/show.html.erb:18
    app/controllers/posts_controller.rb:19:in `show'
    /usr/lib/ruby/1.8/webrick/httpserver.rb:104:in `service'
    /usr/lib/ruby/1.8/webrick/httpserver.rb:65:in `run'
    /usr/lib/ruby/1.8/webrick/server.rb:173:in `start_thread'
    /usr/lib/ruby/1.8/webrick/server.rb:162:in `start'
    /usr/lib/ruby/1.8/webrick/server.rb:162:in `start_thread'
    /usr/lib/ruby/1.8/webrick/server.rb:95:in `start'
    /usr/lib/ruby/1.8/webrick/server.rb:92:in `each'
    /usr/lib/ruby/1.8/webrick/server.rb:92:in `start'
    /usr/lib/ruby/1.8/webrick/server.rb:23:in `start'
    /usr/lib/ruby/1.8/webrick/server.rb:82:in `start'

Rendered rescues/_trace (35.7ms)
Rendered rescues/_request_and_response (1.0ms)
Rendering rescues/layout (internal_server_error)
