/!\ FAILSAFE /!\  Thu Dec 26 12:02:54 +0530 2013
  Status: 500 Internal Server Error
  Access denied for user 'root'@'localhost' (using password: NO)
    /usr/lib/ruby/gems/1.8/gems/activerecord-2.3.8/lib/active_record/connection_adapters/mysql_adapter.rb:619:in `real_connect'
    /usr/lib/ruby/gems/1.8/gems/activerecord-2.3.8/lib/active_record/connection_adapters/mysql_adapter.rb:619:in `connect'
    /usr/lib/ruby/gems/1.8/gems/activerecord-2.3.8/lib/active_record/connection_adapters/mysql_adapter.rb:203:in `initialize'
    /usr/lib/ruby/gems/1.8/gems/activerecord-2.3.8/lib/active_record/connection_adapters/mysql_adapter.rb:75:in `new'
    /usr/lib/ruby/gems/1.8/gems/activerecord-2.3.8/lib/active_record/connection_adapters/mysql_adapter.rb:75:in `mysql_connection'
    /usr/lib/ruby/gems/1.8/gems/activerecord-2.3.8/lib/active_record/connection_adapters/abstract/connection_pool.rb:223:in `send'
    /usr/lib/ruby/gems/1.8/gems/activerecord-2.3.8/lib/active_record/connection_adapters/abstract/connection_pool.rb:223:in `new_connection'
    /usr/lib/ruby/gems/1.8/gems/activerecord-2.3.8/lib/active_record/connection_adapters/abstract/connection_pool.rb:245:in `checkout_new_connection'
    /usr/lib/ruby/gems/1.8/gems/activerecord-2.3.8/lib/active_record/connection_adapters/abstract/connection_pool.rb:188:in `checkout'
    /usr/lib/ruby/gems/1.8/gems/activerecord-2.3.8/lib/active_record/connection_adapters/abstract/connection_pool.rb:184:in `loop'
    /usr/lib/ruby/gems/1.8/gems/activerecord-2.3.8/lib/active_record/connection_adapters/abstract/connection_pool.rb:184:in `checkout'
    /usr/lib/ruby/1.8/monitor.rb:242:in `synchronize'
    /usr/lib/ruby/gems/1.8/gems/activerecord-2.3.8/lib/active_record/connection_adapters/abstract/connection_pool.rb:183:in `checkout'
    /usr/lib/ruby/gems/1.8/gems/activerecord-2.3.8/lib/active_record/connection_adapters/abstract/connection_pool.rb:98:in `connection'
    /usr/lib/ruby/gems/1.8/gems/activerecord-2.3.8/lib/active_record/connection_adapters/abstract/connection_pool.rb:326:in `retrieve_connection'
    /usr/lib/ruby/gems/1.8/gems/activerecord-2.3.8/lib/active_record/connection_adapters/abstract/connection_specification.rb:123:in `retrieve_connection'
    /usr/lib/ruby/gems/1.8/gems/activerecord-2.3.8/lib/active_record/connection_adapters/abstract/connection_specification.rb:115:in `connection'
    /usr/lib/ruby/gems/1.8/gems/activerecord-2.3.8/lib/active_record/query_cache.rb:9:in `cache'
    /usr/lib/ruby/gems/1.8/gems/activerecord-2.3.8/lib/active_record/query_cache.rb:28:in `call'
    /usr/lib/ruby/gems/1.8/gems/activerecord-2.3.8/lib/active_record/connection_adapters/abstract/connection_pool.rb:361:in `call'
    /usr/lib/ruby/gems/1.8/gems/actionpack-2.3.8/lib/action_controller/string_coercion.rb:25:in `call'
    /usr/lib/ruby/gems/1.8/gems/rack-1.1.6/lib/rack/head.rb:9:in `call'
    /usr/lib/ruby/gems/1.8/gems/rack-1.1.6/lib/rack/methodoverride.rb:24:in `call'
    /usr/lib/ruby/gems/1.8/gems/actionpack-2.3.8/lib/action_controller/params_parser.rb:15:in `call'
    /usr/lib/ruby/gems/1.8/gems/actionpack-2.3.8/lib/action_controller/session/cookie_store.rb:99:in `call'
    /usr/lib/ruby/gems/1.8/gems/actionpack-2.3.8/lib/action_controller/failsafe.rb:26:in `call'
    /usr/lib/ruby/gems/1.8/gems/rack-1.1.6/lib/rack/lock.rb:11:in `call'
    /usr/lib/ruby/gems/1.8/gems/rack-1.1.6/lib/rack/lock.rb:11:in `synchronize'
    /usr/lib/ruby/gems/1.8/gems/rack-1.1.6/lib/rack/lock.rb:11:in `call'
    /usr/lib/ruby/gems/1.8/gems/actionpack-2.3.8/lib/action_controller/dispatcher.rb:114:in `call'
    /usr/lib/ruby/gems/1.8/gems/actionpack-2.3.8/lib/action_controller/reloader.rb:34:in `run'
    /usr/lib/ruby/gems/1.8/gems/actionpack-2.3.8/lib/action_controller/dispatcher.rb:108:in `call'
    /usr/lib/ruby/gems/1.8/gems/rails-2.3.8/lib/rails/rack/static.rb:31:in `call'
    /usr/lib/ruby/gems/1.8/gems/rack-1.1.6/lib/rack/urlmap.rb:47:in `call'
    /usr/lib/ruby/gems/1.8/gems/rack-1.1.6/lib/rack/urlmap.rb:41:in `each'
    /usr/lib/ruby/gems/1.8/gems/rack-1.1.6/lib/rack/urlmap.rb:41:in `call'
    /usr/lib/ruby/gems/1.8/gems/rails-2.3.8/lib/rails/rack/log_tailer.rb:17:in `call'
    /usr/lib/ruby/gems/1.8/gems/rack-1.1.6/lib/rack/content_length.rb:13:in `call'
    /usr/lib/ruby/gems/1.8/gems/rack-1.1.6/lib/rack/handler/webrick.rb:48:in `service'
    /usr/lib/ruby/1.8/webrick/httpserver.rb:104:in `service'
    /usr/lib/ruby/1.8/webrick/httpserver.rb:65:in `run'
    /usr/lib/ruby/1.8/webrick/server.rb:173:in `start_thread'
    /usr/lib/ruby/1.8/webrick/server.rb:162:in `start'
    /usr/lib/ruby/1.8/webrick/server.rb:162:in `start_thread'
    /usr/lib/ruby/1.8/webrick/server.rb:95:in `start'
    /usr/lib/ruby/1.8/webrick/server.rb:92:in `each'
    /usr/lib/ruby/1.8/webrick/server.rb:92:in `start'
    /usr/lib/ruby/1.8/webrick/server.rb:23:in `start'
    /usr/lib/ruby/1.8/webrick/server.rb:82:in `start'
    /usr/lib/ruby/gems/1.8/gems/rack-1.1.6/lib/rack/handler/webrick.rb:14:in `run'
    /usr/lib/ruby/gems/1.8/gems/rails-2.3.8/lib/commands/server.rb:111
    /usr/local/lib/site_ruby/1.8/rubygems/custom_require.rb:29:in `gem_original_require'
    /usr/local/lib/site_ruby/1.8/rubygems/custom_require.rb:29:in `require'
    script/server:3
  [4;36;1mSQL (0.1ms)[0m   [0;1mSET NAMES 'utf8'[0m
  [4;35;1mSQL (0.1ms)[0m   [0mSET SQL_AUTO_IS_NULL=0[0m
  [4;36;1mSQL (0.2ms)[0m   [0;1mSHOW TABLES[0m
  [4;35;1mSQL (323.8ms)[0m   [0mCREATE TABLE `schema_migrations` (`version` varchar(255) NOT NULL) ENGINE=InnoDB[0m
  [4;36;1mSQL (0.7ms)[0m   [0;1mSHOW KEYS FROM `schema_migrations`[0m
  [4;35;1mSQL (232.8ms)[0m   [0mCREATE UNIQUE INDEX `unique_schema_migrations` ON `schema_migrations` (`version`)[0m
  [4;36;1mSQL (0.5ms)[0m   [0;1mSHOW TABLES[0m
  [4;35;1mSQL (0.4ms)[0m   [0mSELECT version FROM schema_migrations[0m
Migrating to CreatePosts (20131226063517)
  [4;36;1mSQL (129.3ms)[0m   [0;1mCREATE TABLE `posts` (`id` int(11) DEFAULT NULL auto_increment PRIMARY KEY, `name` varchar(255), `address` varchar(255), `created_at` datetime, `updated_at` datetime) ENGINE=InnoDB[0m
  [4;35;1mSQL (54.8ms)[0m   [0mINSERT INTO schema_migrations (version) VALUES ('20131226063517')[0m
Migrating to CreatePostModels (20131226063623)
  [4;36;1mSQL (130.6ms)[0m   [0;1mCREATE TABLE `post_models` (`id` int(11) DEFAULT NULL auto_increment PRIMARY KEY, `created_at` datetime, `updated_at` datetime) ENGINE=InnoDB[0m
  [4;35;1mSQL (55.0ms)[0m   [0mINSERT INTO schema_migrations (version) VALUES ('20131226063623')[0m
  [4;36;1mSQL (0.7ms)[0m   [0;1mSHOW TABLES[0m
  [4;35;1mSQL (0.4ms)[0m   [0mSELECT version FROM schema_migrations[0m
  [4;36;1mSQL (0.4ms)[0m   [0;1mSHOW TABLES[0m
  [4;35;1mSQL (1.2ms)[0m   [0mSHOW FIELDS FROM `post_models`[0m
  [4;36;1mSQL (1.0ms)[0m   [0;1mdescribe `post_models`[0m
  [4;35;1mSQL (0.6ms)[0m   [0mSHOW KEYS FROM `post_models`[0m
  [4;36;1mSQL (1.1ms)[0m   [0;1mSHOW FIELDS FROM `posts`[0m
  [4;35;1mSQL (1.1ms)[0m   [0mdescribe `posts`[0m
  [4;36;1mSQL (0.5ms)[0m   [0;1mSHOW KEYS FROM `posts`[0m
  [4;36;1mSQL (0.1ms)[0m   [0;1mSET NAMES 'utf8'[0m
  [4;35;1mSQL (0.1ms)[0m   [0mSET SQL_AUTO_IS_NULL=0[0m


Processing PostsController#index to xml (for 127.0.0.1 at 2013-12-26 12:11:06) [GET]
  [4;36;1mPost Load (0.3ms)[0m   [0;1mSELECT * FROM `posts` [0m
Completed in 7ms (View: 3, DB: 1) | 200 OK [http://localhost/posts.xml]
  [4;35;1mSQL (0.1ms)[0m   [0mSET NAMES 'utf8'[0m
  [4;36;1mSQL (0.1ms)[0m   [0;1mSET SQL_AUTO_IS_NULL=0[0m


Processing PostsController#index (for 127.0.0.1 at 2013-12-26 12:11:08) [GET]
  [4;35;1mPost Load (0.1ms)[0m   [0mSELECT * FROM `posts` [0m
Rendering template within layouts/posts
Rendering posts/index
Completed in 14ms (View: 9, DB: 0) | 200 OK [http://localhost/posts]
  [4;36;1mSQL (0.1ms)[0m   [0;1mSET NAMES 'utf8'[0m
  [4;35;1mSQL (0.1ms)[0m   [0mSET SQL_AUTO_IS_NULL=0[0m


Processing PostsController#new (for 127.0.0.1 at 2013-12-26 12:11:13) [GET]
  [4;36;1mPost Columns (0.6ms)[0m   [0;1mSHOW FIELDS FROM `posts`[0m
Rendering template within layouts/posts
Rendering posts/new
Completed in 44ms (View: 39, DB: 1) | 200 OK [http://localhost/posts/new]
  [4;35;1mSQL (0.1ms)[0m   [0mSET NAMES 'utf8'[0m
  [4;36;1mSQL (0.0ms)[0m   [0;1mSET SQL_AUTO_IS_NULL=0[0m


Processing PostsController#create (for 127.0.0.1 at 2013-12-26 12:11:20) [POST]
  Parameters: {"authenticity_token"=>"AN8FT/q+89wfQK2iw12Ts/yS3Q/UpVjRI8m/3IVhC6M=", "post"=>{"address"=>"gpt", "name"=>"vinoth"}, "commit"=>"Create"}
  [4;35;1mPost Columns (0.5ms)[0m   [0mSHOW FIELDS FROM `posts`[0m
  [4;36;1mSQL (0.1ms)[0m   [0;1mBEGIN[0m
  [4;35;1mPost Create (0.2ms)[0m   [0mINSERT INTO `posts` (`created_at`, `address`, `name`, `updated_at`) VALUES('2013-12-26 06:41:20', 'gpt', 'vinoth', '2013-12-26 06:41:20')[0m
  [4;36;1mSQL (53.7ms)[0m   [0;1mCOMMIT[0m
Redirected to http://localhost:3000/posts/1
Completed in 61ms (DB: 55) | 302 Found [http://localhost/posts]
  [4;35;1mSQL (0.1ms)[0m   [0mSET NAMES 'utf8'[0m
  [4;36;1mSQL (0.1ms)[0m   [0;1mSET SQL_AUTO_IS_NULL=0[0m


Processing PostsController#show (for 127.0.0.1 at 2013-12-26 12:11:20) [GET]
  Parameters: {"id"=>"1"}
  [4;35;1mPost Columns (1.0ms)[0m   [0mSHOW FIELDS FROM `posts`[0m
  [4;36;1mPost Load (0.4ms)[0m   [0;1mSELECT * FROM `posts` WHERE (`posts`.`id` = 1) [0m
Rendering template within layouts/posts
Rendering posts/show
Completed in 10ms (View: 5, DB: 2) | 200 OK [http://localhost/posts/1]
  [4;35;1mSQL (0.1ms)[0m   [0mSET NAMES 'utf8'[0m
  [4;36;1mSQL (0.1ms)[0m   [0;1mSET SQL_AUTO_IS_NULL=0[0m


Processing PostsController#index (for 127.0.0.1 at 2013-12-26 12:11:22) [GET]
  [4;35;1mPost Load (0.3ms)[0m   [0mSELECT * FROM `posts` [0m
Rendering template within layouts/posts
Rendering posts/index
  [4;36;1mPost Columns (0.5ms)[0m   [0;1mSHOW FIELDS FROM `posts`[0m
Completed in 9ms (View: 4, DB: 1) | 200 OK [http://localhost/posts]
  [4;35;1mSQL (0.1ms)[0m   [0mSET NAMES 'utf8'[0m
  [4;36;1mSQL (0.1ms)[0m   [0;1mSET SQL_AUTO_IS_NULL=0[0m


Processing PostsController#show (for 127.0.0.1 at 2013-12-26 12:11:23) [GET]
  Parameters: {"id"=>"1"}
  [4;35;1mPost Columns (0.6ms)[0m   [0mSHOW FIELDS FROM `posts`[0m
  [4;36;1mPost Load (0.1ms)[0m   [0;1mSELECT * FROM `posts` WHERE (`posts`.`id` = 1) [0m
Rendering template within layouts/posts
Rendering posts/show
Completed in 7ms (View: 2, DB: 1) | 200 OK [http://localhost/posts/1]
  [4;35;1mSQL (0.1ms)[0m   [0mSET NAMES 'utf8'[0m
  [4;36;1mSQL (0.1ms)[0m   [0;1mSET SQL_AUTO_IS_NULL=0[0m


Processing PostsController#new (for 127.0.0.1 at 2013-12-26 12:11:45) [GET]
  [4;35;1mPost Columns (1.2ms)[0m   [0mSHOW FIELDS FROM `posts`[0m
Rendering template within layouts/posts
Rendering posts/new
Completed in 10ms (View: 6, DB: 1) | 200 OK [http://localhost/posts/new]
  [4;36;1mSQL (0.2ms)[0m   [0;1mSET NAMES 'utf8'[0m
  [4;35;1mSQL (0.1ms)[0m   [0mSET SQL_AUTO_IS_NULL=0[0m


Processing PostsController#index (for 127.0.0.1 at 2013-12-26 12:17:31) [GET]
  [4;36;1mPost Load (0.1ms)[0m   [0;1mSELECT * FROM `posts` [0m
Rendering template within layouts/posts
Rendering posts/index
  [4;35;1mPost Columns (1.3ms)[0m   [0mSHOW FIELDS FROM `posts`[0m
Completed in 19ms (View: 13, DB: 2) | 200 OK [http://localhost/posts]
  [4;36;1mSQL (0.1ms)[0m   [0;1mSET NAMES 'utf8'[0m
  [4;35;1mSQL (0.1ms)[0m   [0mSET SQL_AUTO_IS_NULL=0[0m


Processing HomeController#index (for 127.0.0.1 at 2013-12-26 12:19:30) [GET]
Rendering home/index
Completed in 6ms (View: 5, DB: 0) | 200 OK [http://localhost/]
  [4;36;1mSQL (0.1ms)[0m   [0;1mSET NAMES 'utf8'[0m
  [4;35;1mSQL (0.0ms)[0m   [0mSET SQL_AUTO_IS_NULL=0[0m


Processing PostsController#index (for 127.0.0.1 at 2013-12-26 12:19:32) [GET]
  [4;36;1mPost Load (0.2ms)[0m   [0;1mSELECT * FROM `posts` [0m
Rendering template within layouts/posts
Rendering posts/index
  [4;35;1mPost Columns (0.6ms)[0m   [0mSHOW FIELDS FROM `posts`[0m
Completed in 15ms (View: 11, DB: 1) | 200 OK [http://localhost/posts]
  [4;36;1mSQL (0.1ms)[0m   [0;1mSET NAMES 'utf8'[0m
  [4;35;1mSQL (0.1ms)[0m   [0mSET SQL_AUTO_IS_NULL=0[0m


Processing PostsController#new (for 127.0.0.1 at 2013-12-26 12:19:36) [GET]
  [4;36;1mPost Columns (0.6ms)[0m   [0;1mSHOW FIELDS FROM `posts`[0m
Rendering template within layouts/posts
Rendering posts/new
Completed in 15ms (View: 11, DB: 1) | 200 OK [http://localhost/posts/new]
  [4;36;1mSQL (0.1ms)[0m   [0;1mSET NAMES 'utf8'[0m
  [4;35;1mSQL (0.1ms)[0m   [0mSET SQL_AUTO_IS_NULL=0[0m


Processing HomeController#index (for 127.0.0.1 at 2013-12-26 12:28:29) [GET]
Rendering home/index
Completed in 6ms (View: 5, DB: 0) | 200 OK [http://localhost/]
  [4;36;1mSQL (0.1ms)[0m   [0;1mSET NAMES 'utf8'[0m
  [4;35;1mSQL (0.1ms)[0m   [0mSET SQL_AUTO_IS_NULL=0[0m


Processing PostsController#new (for 127.0.0.1 at 2013-12-26 12:28:31) [GET]
  [4;36;1mPost Columns (0.7ms)[0m   [0;1mSHOW FIELDS FROM `posts`[0m
Rendering template within layouts/posts
Rendering posts/new

ActionView::TemplateError (undefined method `title' for #<Post:0x7fa7b0274188>) on line #8 of app/views/posts/new.html.erb:
5: 
6:   <p>
7:     <%= f.label :title %><br />
8:     <%= f.text_field :title %>
9:   </p>
10:   <p>
11:     <%= f.label :text %><br />

    app/views/posts/new.html.erb:8
    app/views/posts/new.html.erb:3
    app/controllers/posts_controller.rb:29:in `new'
    /usr/lib/ruby/1.8/webrick/httpserver.rb:104:in `service'
    /usr/lib/ruby/1.8/webrick/httpserver.rb:65:in `run'
    /usr/lib/ruby/1.8/webrick/server.rb:173:in `start_thread'
    /usr/lib/ruby/1.8/webrick/server.rb:162:in `start'
    /usr/lib/ruby/1.8/webrick/server.rb:162:in `start_thread'
    /usr/lib/ruby/1.8/webrick/server.rb:95:in `start'
    /usr/lib/ruby/1.8/webrick/server.rb:92:in `each'
    /usr/lib/ruby/1.8/webrick/server.rb:92:in `start'
    /usr/lib/ruby/1.8/webrick/server.rb:23:in `start'
    /usr/lib/ruby/1.8/webrick/server.rb:82:in `start'

Rendered rescues/_trace (31.9ms)
Rendered rescues/_request_and_response (0.9ms)
Rendering rescues/layout (internal_server_error)
  [4;36;1mSQL (0.1ms)[0m   [0;1mSET NAMES 'utf8'[0m
  [4;35;1mSQL (0.1ms)[0m   [0mSET SQL_AUTO_IS_NULL=0[0m


Processing PostsController#new (for 127.0.0.1 at 2013-12-26 12:29:31) [GET]
  [4;36;1mPost Columns (1.4ms)[0m   [0;1mSHOW FIELDS FROM `posts`[0m
Rendering template within layouts/posts
Rendering posts/new
Completed in 17ms (View: 12, DB: 2) | 200 OK [http://localhost/posts/new]
  [4;35;1mSQL (0.1ms)[0m   [0mSET NAMES 'utf8'[0m
  [4;36;1mSQL (0.1ms)[0m   [0;1mSET SQL_AUTO_IS_NULL=0[0m


Processing PostsController#index (for 127.0.0.1 at 2013-12-26 12:29:34) [GET]
  [4;35;1mPost Load (0.1ms)[0m   [0mSELECT * FROM `posts` [0m
Rendering template within layouts/posts
Rendering posts/index
  [4;36;1mPost Columns (0.7ms)[0m   [0;1mSHOW FIELDS FROM `posts`[0m
Completed in 46ms (View: 41, DB: 1) | 200 OK [http://localhost/posts]
  [4;36;1mSQL (0.3ms)[0m   [0;1mSET NAMES 'utf8'[0m
  [4;35;1mSQL (0.2ms)[0m   [0mSET SQL_AUTO_IS_NULL=0[0m


Processing HomeController#index (for 127.0.0.1 at 2013-12-26 12:43:12) [GET]
Rendering home/index
Completed in 6ms (View: 5, DB: 0) | 200 OK [http://localhost/]
  [4;36;1mSQL (0.1ms)[0m   [0;1mSET NAMES 'utf8'[0m
  [4;35;1mSQL (0.1ms)[0m   [0mSET SQL_AUTO_IS_NULL=0[0m


Processing PostsController#index (for 127.0.0.1 at 2013-12-26 12:43:16) [GET]
  [4;36;1mPost Load (0.2ms)[0m   [0;1mSELECT * FROM `posts` [0m
Rendering template within layouts/posts
Rendering posts/index
  [4;35;1mPost Columns (0.7ms)[0m   [0mSHOW FIELDS FROM `posts`[0m
Completed in 15ms (View: 11, DB: 1) | 200 OK [http://localhost/posts]
  [4;36;1mSQL (0.1ms)[0m   [0;1mSET NAMES 'utf8'[0m
  [4;35;1mSQL (0.1ms)[0m   [0mSET SQL_AUTO_IS_NULL=0[0m


Processing PostsController#new (for 127.0.0.1 at 2013-12-26 12:43:18) [GET]
  [4;36;1mPost Columns (1.0ms)[0m   [0;1mSHOW FIELDS FROM `posts`[0m
Rendering template within layouts/posts
Rendering posts/new
Completed in 12ms (View: 8, DB: 1) | 200 OK [http://localhost/posts/new]
  [4;36;1mSQL (0.1ms)[0m   [0;1mSET NAMES 'utf8'[0m
  [4;35;1mSQL (0.1ms)[0m   [0mSET SQL_AUTO_IS_NULL=0[0m


Processing PostsController#new (for 127.0.0.1 at 2013-12-26 13:04:50) [GET]
  [4;36;1mPost Columns (0.6ms)[0m   [0;1mSHOW FIELDS FROM `posts`[0m
Rendering template within layouts/posts
Rendering posts/new
Completed in 16ms (View: 12, DB: 1) | 200 OK [http://localhost/posts/new]
  [4;35;1mSQL (0.1ms)[0m   [0mSET NAMES 'utf8'[0m
  [4;36;1mSQL (0.1ms)[0m   [0;1mSET SQL_AUTO_IS_NULL=0[0m


Processing PostsController#create (for 127.0.0.1 at 2013-12-26 13:04:56) [POST]
  Parameters: {"post"=>{"name"=>"aadc", "address"=>"afsfsfv"}, "authenticity_token"=>"AN8FT/q+89wfQK2iw12Ts/yS3Q/UpVjRI8m/3IVhC6M=", "commit"=>"Create"}
  [4;35;1mPost Columns (0.6ms)[0m   [0mSHOW FIELDS FROM `posts`[0m
  [4;36;1mSQL (0.1ms)[0m   [0;1mBEGIN[0m
  [4;35;1mPost Create (0.3ms)[0m   [0mINSERT INTO `posts` (`updated_at`, `name`, `address`, `created_at`) VALUES('2013-12-26 07:34:56', 'aadc', 'afsfsfv', '2013-12-26 07:34:56')[0m
  [4;36;1mSQL (70.8ms)[0m   [0;1mCOMMIT[0m
Redirected to http://localhost:3000/posts/2
Completed in 79ms (DB: 72) | 302 Found [http://localhost/posts]
  [4;35;1mSQL (0.1ms)[0m   [0mSET NAMES 'utf8'[0m
  [4;36;1mSQL (0.1ms)[0m   [0;1mSET SQL_AUTO_IS_NULL=0[0m


Processing PostsController#show (for 127.0.0.1 at 2013-12-26 13:04:56) [GET]
  Parameters: {"id"=>"2"}
  [4;35;1mPost Columns (0.6ms)[0m   [0mSHOW FIELDS FROM `posts`[0m
  [4;36;1mPost Load (0.2ms)[0m   [0;1mSELECT * FROM `posts` WHERE (`posts`.`id` = 2) [0m
Rendering template within layouts/posts
Rendering posts/show
Completed in 10ms (View: 5, DB: 1) | 200 OK [http://localhost/posts/2]
  [4;35;1mSQL (0.1ms)[0m   [0mSET NAMES 'utf8'[0m
  [4;36;1mSQL (0.1ms)[0m   [0;1mSET SQL_AUTO_IS_NULL=0[0m


Processing PostsController#index (for 127.0.0.1 at 2013-12-26 13:04:58) [GET]
  [4;35;1mPost Load (0.3ms)[0m   [0mSELECT * FROM `posts` [0m
Rendering template within layouts/posts
Rendering posts/index
  [4;36;1mPost Columns (0.6ms)[0m   [0;1mSHOW FIELDS FROM `posts`[0m
Completed in 13ms (View: 8, DB: 1) | 200 OK [http://localhost/posts]
